2011-10-26 18:29:36 Debug: Notice (8): Undefined property: TwitterComponent::$getTwitterUser in [C:\xampp\htdocs\twitevent\app\controllers\usuarios_controller.php, line 160]
2011-10-26 18:30:00 Debug: Notice (8): Undefined property: TwitterComponent::$getTwitterUser in [C:\xampp\htdocs\twitevent\app\controllers\usuarios_controller.php, line 160]
2011-10-26 18:30:19 Debug: Notice (8): Undefined index: oauth_token in [C:\xampp\htdocs\twitevent\app\plugins\twitter\controllers\components\Twitter\twitter.php, line 134]
2011-10-26 18:30:19 Debug: Notice (8): Undefined index: oauth_token_secret in [C:\xampp\htdocs\twitevent\app\plugins\twitter\controllers\components\Twitter\twitter.php, line 134]
2011-10-26 18:31:45 Debug: Notice (8): Undefined index: oauth_token in [C:\xampp\htdocs\twitevent\app\plugins\twitter\controllers\components\Twitter\twitter.php, line 134]
2011-10-26 18:31:46 Debug: Notice (8): Undefined index: oauth_token_secret in [C:\xampp\htdocs\twitevent\app\plugins\twitter\controllers\components\Twitter\twitter.php, line 134]
2011-10-26 18:32:16 Debug: Notice (8): Undefined index: oauth_token in [C:\xampp\htdocs\twitevent\app\plugins\twitter\controllers\components\Twitter\twitter.php, line 134]
2011-10-26 18:32:16 Debug: Notice (8): Undefined index: oauth_token_secret in [C:\xampp\htdocs\twitevent\app\plugins\twitter\controllers\components\Twitter\twitter.php, line 134]
2011-10-26 18:36:17 Debug: Notice (8): Undefined index: oauth_token in [C:\xampp\htdocs\twitevent\app\plugins\twitter\controllers\components\Twitter\twitter.php, line 135]
2011-10-26 18:36:17 Debug: Notice (8): Undefined index: oauth_token_secret in [C:\xampp\htdocs\twitevent\app\plugins\twitter\controllers\components\Twitter\twitter.php, line 135]
2011-10-26 18:37:32 Debug: Notice (8): Undefined index: oauth_token in [C:\xampp\htdocs\twitevent\app\plugins\twitter\controllers\components\Twitter\twitter.php, line 134]
2011-10-26 18:37:32 Debug: Notice (8): Undefined index: oauth_token_secret in [C:\xampp\htdocs\twitevent\app\plugins\twitter\controllers\components\Twitter\twitter.php, line 134]
2011-10-26 18:38:53 Debug: Notice (8): Undefined index: oauth_token in [C:\xampp\htdocs\twitevent\app\plugins\twitter\controllers\components\Twitter\twitter.php, line 134]
2011-10-26 18:38:53 Debug: Notice (8): Undefined index: oauth_token_secret in [C:\xampp\htdocs\twitevent\app\plugins\twitter\controllers\components\Twitter\twitter.php, line 134]
2011-10-26 18:52:06 Debug: Notice (8): Undefined index: oauth_token in [C:\xampp\htdocs\twitevent\app\plugins\twitter\controllers\components\Twitter\twitter.php, line 134]
2011-10-26 18:52:06 Debug: Notice (8): Undefined index: oauth_token_secret in [C:\xampp\htdocs\twitevent\app\plugins\twitter\controllers\components\Twitter\twitter.php, line 134]
2011-10-26 18:52:28 Debug: Notice (8): Undefined index: oauth_token in [C:\xampp\htdocs\twitevent\app\plugins\twitter\controllers\components\Twitter\twitter.php, line 134]
2011-10-26 18:52:28 Debug: Notice (8): Undefined index: oauth_token_secret in [C:\xampp\htdocs\twitevent\app\plugins\twitter\controllers\components\Twitter\twitter.php, line 134]
2011-10-26 18:53:23 Debug: Notice (8): Undefined index: oauth_token in [C:\xampp\htdocs\twitevent\app\plugins\twitter\controllers\components\Twitter\twitter.php, line 134]
2011-10-26 18:53:23 Debug: Notice (8): Undefined index: oauth_token_secret in [C:\xampp\htdocs\twitevent\app\plugins\twitter\controllers\components\Twitter\twitter.php, line 134]
2011-10-26 18:53:29 Debug: Notice (8): Undefined index: oauth_token in [C:\xampp\htdocs\twitevent\app\plugins\twitter\controllers\components\Twitter\twitter.php, line 134]
2011-10-26 18:53:29 Debug: Notice (8): Undefined index: oauth_token_secret in [C:\xampp\htdocs\twitevent\app\plugins\twitter\controllers\components\Twitter\twitter.php, line 134]
2011-10-26 18:58:47 Debug: Notice (8): Undefined variable: someone in [C:\xampp\htdocs\twitevent\app\controllers\usuarios_controller.php, line 175]
2011-10-26 18:59:27 Debug: Notice (8): Undefined index: oauth_token in [C:\xampp\htdocs\twitevent\app\plugins\twitter\controllers\components\Twitter\twitter.php, line 134]
2011-10-26 18:59:27 Debug: Notice (8): Undefined index: oauth_token_secret in [C:\xampp\htdocs\twitevent\app\plugins\twitter\controllers\components\Twitter\twitter.php, line 134]
2011-10-26 18:59:55 Debug: Notice (8): Undefined index: oauth_token in [C:\xampp\htdocs\twitevent\app\plugins\twitter\controllers\components\Twitter\twitter.php, line 134]
2011-10-26 18:59:55 Debug: Notice (8): Undefined index: oauth_token_secret in [C:\xampp\htdocs\twitevent\app\plugins\twitter\controllers\components\Twitter\twitter.php, line 134]
2011-10-26 18:59:59 Debug: Notice (8): Undefined index: oauth_token in [C:\xampp\htdocs\twitevent\app\plugins\twitter\controllers\components\Twitter\twitter.php, line 134]
2011-10-26 18:59:59 Debug: Notice (8): Undefined index: oauth_token_secret in [C:\xampp\htdocs\twitevent\app\plugins\twitter\controllers\components\Twitter\twitter.php, line 134]
2011-10-26 19:00:01 Debug: Notice (8): Undefined index: oauth_token in [C:\xampp\htdocs\twitevent\app\plugins\twitter\controllers\components\Twitter\twitter.php, line 134]
2011-10-26 19:00:01 Debug: Notice (8): Undefined index: oauth_token_secret in [C:\xampp\htdocs\twitevent\app\plugins\twitter\controllers\components\Twitter\twitter.php, line 134]
2011-10-26 19:00:06 Debug: Notice (8): Undefined index: oauth_token in [C:\xampp\htdocs\twitevent\app\plugins\twitter\controllers\components\Twitter\twitter.php, line 134]
2011-10-26 19:00:06 Debug: Notice (8): Undefined index: oauth_token_secret in [C:\xampp\htdocs\twitevent\app\plugins\twitter\controllers\components\Twitter\twitter.php, line 134]
2011-10-26 19:01:24 Debug: Notice (8): Undefined index: oauth_token in [C:\xampp\htdocs\twitevent\app\plugins\twitter\controllers\components\Twitter\twitter.php, line 134]
2011-10-26 19:01:24 Debug: Notice (8): Undefined index: oauth_token_secret in [C:\xampp\htdocs\twitevent\app\plugins\twitter\controllers\components\Twitter\twitter.php, line 134]
2011-10-26 19:01:25 Debug: Notice (8): Undefined index: screen_name in [C:\xampp\htdocs\twitevent\app\controllers\usuarios_controller.php, line 161]
2011-10-26 19:01:25 Debug: Notice (8): Undefined index: screen_name in [C:\xampp\htdocs\twitevent\app\controllers\usuarios_controller.php, line 162]
2011-10-26 19:01:25 Debug: Notice (8): Undefined index: screen_name in [C:\xampp\htdocs\twitevent\app\controllers\usuarios_controller.php, line 164]
2011-10-26 19:01:25 Debug: Notice (8): Undefined index: screen_name in [C:\xampp\htdocs\twitevent\app\controllers\usuarios_controller.php, line 171]
2011-10-26 19:01:46 Debug: Notice (8): Undefined index: screen_name in [C:\xampp\htdocs\twitevent\app\controllers\usuarios_controller.php, line 161]
2011-10-26 19:01:46 Debug: Notice (8): Undefined index: screen_name in [C:\xampp\htdocs\twitevent\app\controllers\usuarios_controller.php, line 162]
2011-10-26 19:01:46 Debug: Notice (8): Undefined index: screen_name in [C:\xampp\htdocs\twitevent\app\controllers\usuarios_controller.php, line 164]
2011-10-26 19:01:46 Debug: Notice (8): Undefined index: screen_name in [C:\xampp\htdocs\twitevent\app\controllers\usuarios_controller.php, line 171]
2011-10-26 19:01:47 Debug: Notice (8): Undefined index: oauth_token in [C:\xampp\htdocs\twitevent\app\plugins\twitter\controllers\components\Twitter\twitter.php, line 134]
2011-10-26 19:01:47 Debug: Notice (8): Undefined index: oauth_token_secret in [C:\xampp\htdocs\twitevent\app\plugins\twitter\controllers\components\Twitter\twitter.php, line 134]
2011-10-26 19:01:48 Debug: Notice (8): Undefined index: screen_name in [C:\xampp\htdocs\twitevent\app\controllers\usuarios_controller.php, line 161]
2011-10-26 19:01:48 Debug: Notice (8): Undefined index: screen_name in [C:\xampp\htdocs\twitevent\app\controllers\usuarios_controller.php, line 162]
2011-10-26 19:01:48 Debug: Notice (8): Undefined index: screen_name in [C:\xampp\htdocs\twitevent\app\controllers\usuarios_controller.php, line 164]
2011-10-26 19:01:48 Debug: Notice (8): Undefined index: screen_name in [C:\xampp\htdocs\twitevent\app\controllers\usuarios_controller.php, line 171]
2011-10-26 19:04:26 Debug: Notice (8): Undefined index: oauth_token in [C:\xampp\htdocs\twitevent\app\plugins\twitter\controllers\components\Twitter\twitter.php, line 134]
2011-10-26 19:04:26 Debug: Notice (8): Undefined index: oauth_token_secret in [C:\xampp\htdocs\twitevent\app\plugins\twitter\controllers\components\Twitter\twitter.php, line 134]
2011-10-26 19:04:38 Debug: Notice (8): Undefined index: oauth_token in [C:\xampp\htdocs\twitevent\app\controllers\usuarios_controller.php, line 159]
2011-10-26 19:04:38 Debug: Notice (8): Undefined index: oauth_verifier in [C:\xampp\htdocs\twitevent\app\controllers\usuarios_controller.php, line 159]
2011-10-26 19:04:39 Debug: Notice (8): Undefined index: oauth_token in [C:\xampp\htdocs\twitevent\app\plugins\twitter\controllers\components\Twitter\twitter.php, line 134]
2011-10-26 19:04:39 Debug: Notice (8): Undefined index: oauth_token_secret in [C:\xampp\htdocs\twitevent\app\plugins\twitter\controllers\components\Twitter\twitter.php, line 134]
2011-10-26 19:04:39 Debug: Notice (8): Undefined index: screen_name in [C:\xampp\htdocs\twitevent\app\controllers\usuarios_controller.php, line 161]
2011-10-26 19:04:39 Debug: Notice (8): Undefined index: screen_name in [C:\xampp\htdocs\twitevent\app\controllers\usuarios_controller.php, line 162]
2011-10-26 19:04:39 Debug: Notice (8): Undefined index: screen_name in [C:\xampp\htdocs\twitevent\app\controllers\usuarios_controller.php, line 164]
2011-10-26 19:04:39 Debug: Notice (8): Undefined index: screen_name in [C:\xampp\htdocs\twitevent\app\controllers\usuarios_controller.php, line 171]
2011-10-26 19:04:40 Debug: Notice (8): Undefined index: oauth_token in [C:\xampp\htdocs\twitevent\app\controllers\usuarios_controller.php, line 159]
2011-10-26 19:04:40 Debug: Notice (8): Undefined index: oauth_verifier in [C:\xampp\htdocs\twitevent\app\controllers\usuarios_controller.php, line 159]
2011-10-26 19:04:41 Debug: Notice (8): Undefined index: oauth_token in [C:\xampp\htdocs\twitevent\app\plugins\twitter\controllers\components\Twitter\twitter.php, line 134]
2011-10-26 19:04:41 Debug: Notice (8): Undefined index: oauth_token_secret in [C:\xampp\htdocs\twitevent\app\plugins\twitter\controllers\components\Twitter\twitter.php, line 134]
2011-10-26 19:04:41 Debug: Notice (8): Undefined index: screen_name in [C:\xampp\htdocs\twitevent\app\controllers\usuarios_controller.php, line 161]
2011-10-26 19:04:41 Debug: Notice (8): Undefined index: screen_name in [C:\xampp\htdocs\twitevent\app\controllers\usuarios_controller.php, line 162]
2011-10-26 19:04:41 Debug: Notice (8): Undefined index: screen_name in [C:\xampp\htdocs\twitevent\app\controllers\usuarios_controller.php, line 164]
2011-10-26 19:04:41 Debug: Notice (8): Undefined index: screen_name in [C:\xampp\htdocs\twitevent\app\controllers\usuarios_controller.php, line 171]
2011-10-26 19:05:29 Debug: Notice (8): Undefined index: screen_name in [C:\xampp\htdocs\twitevent\app\controllers\usuarios_controller.php, line 161]
2011-10-26 19:05:29 Debug: Notice (8): Undefined index: screen_name in [C:\xampp\htdocs\twitevent\app\controllers\usuarios_controller.php, line 162]
2011-10-26 19:05:29 Debug: Notice (8): Undefined index: screen_name in [C:\xampp\htdocs\twitevent\app\controllers\usuarios_controller.php, line 164]
2011-10-26 19:05:29 Debug: Notice (8): Undefined index: screen_name in [C:\xampp\htdocs\twitevent\app\controllers\usuarios_controller.php, line 171]
2011-10-26 19:05:31 Debug: Notice (8): Undefined index: oauth_token in [C:\xampp\htdocs\twitevent\app\plugins\twitter\controllers\components\Twitter\twitter.php, line 134]
2011-10-26 19:05:31 Debug: Notice (8): Undefined index: oauth_token_secret in [C:\xampp\htdocs\twitevent\app\plugins\twitter\controllers\components\Twitter\twitter.php, line 134]
2011-10-26 19:05:31 Debug: Notice (8): Undefined index: screen_name in [C:\xampp\htdocs\twitevent\app\controllers\usuarios_controller.php, line 161]
2011-10-26 19:05:31 Debug: Notice (8): Undefined index: screen_name in [C:\xampp\htdocs\twitevent\app\controllers\usuarios_controller.php, line 162]
2011-10-26 19:05:31 Debug: Notice (8): Undefined index: screen_name in [C:\xampp\htdocs\twitevent\app\controllers\usuarios_controller.php, line 164]
2011-10-26 19:05:31 Debug: Notice (8): Undefined index: screen_name in [C:\xampp\htdocs\twitevent\app\controllers\usuarios_controller.php, line 171]
2011-10-26 19:19:08 Debug: Notice (8): Undefined variable: twitter_user in [C:\xampp\htdocs\twitevent\app\controllers\usuarios_controller.php, line 22]
2011-10-26 19:44:41 Debug: Notice (8): Undefined index: twitter_user in [C:\xampp\htdocs\twitevent\app\views\usuarios\view.ctp, line 11]
2011-10-26 19:44:41 Debug: Notice (8): Undefined index: twitter_user in [C:\xampp\htdocs\twitevent\app\views\usuarios\view.ctp, line 16]
2011-10-26 19:44:41 Debug: Notice (8): Undefined index: twitter_user in [C:\xampp\htdocs\twitevent\app\views\layouts\default.ctp, line 36]
2011-10-26 19:48:31 Debug: Notice (8): Undefined index: twitter_user in [C:\xampp\htdocs\twitevent\app\views\usuarios\view.ctp, line 11]
2011-10-26 19:48:31 Debug: Notice (8): Undefined index: twitter_user in [C:\xampp\htdocs\twitevent\app\views\usuarios\view.ctp, line 16]
2011-10-26 19:48:31 Debug: Notice (8): Undefined index: twitter_user in [C:\xampp\htdocs\twitevent\app\views\layouts\default.ctp, line 36]
2011-10-26 19:51:28 Debug: Notice (8): Undefined index: twitter_user in [C:\xampp\htdocs\twitevent\app\views\usuarios\view.ctp, line 11]
2011-10-26 19:51:28 Debug: Notice (8): Undefined index: twitter_user in [C:\xampp\htdocs\twitevent\app\views\usuarios\view.ctp, line 16]
2011-10-26 19:51:28 Debug: Notice (8): Undefined index: twitter_user in [C:\xampp\htdocs\twitevent\app\views\layouts\default.ctp, line 36]
2011-10-26 19:54:10 Debug: Notice (8): Undefined index: twitter_user in [C:\xampp\htdocs\twitevent\app\views\layouts\default.ctp, line 36]
2011-10-26 20:04:16 Debug: Notice (8): Undefined index: oauth_token in [C:\xampp\htdocs\twitevent\app\plugins\twitter\controllers\components\Twitter\twitter.php, line 134]
2011-10-26 20:04:16 Debug: Notice (8): Undefined index: oauth_token_secret in [C:\xampp\htdocs\twitevent\app\plugins\twitter\controllers\components\Twitter\twitter.php, line 134]
2011-10-26 20:04:55 Debug: Notice (8): Undefined index: twitter_user in [C:\xampp\htdocs\twitevent\app\views\usuarios\view.ctp, line 11]
2011-10-26 20:04:55 Debug: Notice (8): Undefined index: twitter_user in [C:\xampp\htdocs\twitevent\app\views\usuarios\view.ctp, line 16]
2011-10-26 20:04:55 Debug: Notice (8): Undefined index: twitter_user in [C:\xampp\htdocs\twitevent\app\views\layouts\default.ctp, line 36]
2011-10-26 20:04:57 Debug: Notice (8): Undefined index: twitter_user in [C:\xampp\htdocs\twitevent\app\views\usuarios\view.ctp, line 11]
2011-10-26 20:04:57 Debug: Notice (8): Undefined index: twitter_user in [C:\xampp\htdocs\twitevent\app\views\usuarios\view.ctp, line 16]
2011-10-26 20:04:57 Debug: Notice (8): Undefined index: twitter_user in [C:\xampp\htdocs\twitevent\app\views\layouts\default.ctp, line 36]
2011-10-26 20:11:55 Debug: Notice (8): Undefined index: oauth_token in [C:\xampp\htdocs\twitevent\app\plugins\twitter\controllers\components\Twitter\twitter.php, line 134]
2011-10-26 20:11:55 Debug: Notice (8): Undefined index: oauth_token_secret in [C:\xampp\htdocs\twitevent\app\plugins\twitter\controllers\components\Twitter\twitter.php, line 134]
2011-10-26 20:12:59 Debug: Notice (8): Undefined index: twitter_user in [C:\xampp\htdocs\twitevent\app\views\layouts\default.ctp, line 36]
2011-10-26 20:37:53 Debug: Notice (8): Undefined variable: usuario in [C:\xampp\htdocs\twitevent\app\controllers\eventos_controller.php, line 25]
2011-10-26 20:40:34 Debug: Notice (8): Undefined variable: usuario in [C:\xampp\htdocs\twitevent\app\controllers\eventos_controller.php, line 25]
2011-10-26 20:41:20 Debug: Notice (8): Undefined index: twitter_user in [C:\xampp\htdocs\twitevent\app\views\eventos\index.ctp, line 29]
2011-10-26 20:41:30 Debug: Notice (8): Undefined variable: usuario in [C:\xampp\htdocs\twitevent\app\views\eventos\view.ctp, line 39]
2011-10-26 20:41:30 Debug: Notice (8): Undefined variable: usuario in [C:\xampp\htdocs\twitevent\app\views\eventos\view.ctp, line 40]
2011-10-26 20:41:30 Debug: Notice (8): Undefined variable: usuario in [C:\xampp\htdocs\twitevent\app\views\eventos\view.ctp, line 41]
2011-10-26 20:41:30 Debug: Notice (8): Undefined index: twitter_user in [C:\xampp\htdocs\twitevent\app\views\eventos\view.ctp, line 72]
2011-10-26 20:42:44 Debug: Notice (8): Undefined variable: usuario in [C:\xampp\htdocs\twitevent\app\views\eventos\view.ctp, line 39]
2011-10-26 20:42:44 Debug: Notice (8): Undefined variable: usuario in [C:\xampp\htdocs\twitevent\app\views\eventos\view.ctp, line 40]
2011-10-26 20:42:44 Debug: Notice (8): Undefined variable: usuario in [C:\xampp\htdocs\twitevent\app\views\eventos\view.ctp, line 41]
2011-10-26 20:42:44 Debug: Notice (8): Undefined index: twitter_user in [C:\xampp\htdocs\twitevent\app\views\eventos\view.ctp, line 72]
2011-10-26 20:45:32 Debug: Notice (8): Undefined index: twitter_user in [C:\xampp\htdocs\twitevent\app\views\eventos\view.ctp, line 72]
2011-10-26 20:49:29 Debug: Notice (8): Undefined index: twitter_user in [C:\xampp\htdocs\twitevent\app\views\eventos\index.ctp, line 29]
2011-10-26 21:06:43 Debug: Notice (8): Undefined index: oauth_token in [C:\xampp\htdocs\twitevent\app\plugins\twitter\controllers\components\Twitter\twitter.php, line 135]
2011-10-26 21:06:43 Debug: Notice (8): Undefined index: oauth_token_secret in [C:\xampp\htdocs\twitevent\app\plugins\twitter\controllers\components\Twitter\twitter.php, line 135]
2011-10-26 21:12:53 Debug: Notice (8): Undefined index: oauth_token in [C:\xampp\htdocs\twitevent\app\plugins\twitter\controllers\components\Twitter\twitter.php, line 135]
2011-10-26 21:12:53 Debug: Notice (8): Undefined index: oauth_token_secret in [C:\xampp\htdocs\twitevent\app\plugins\twitter\controllers\components\Twitter\twitter.php, line 135]
2011-10-26 21:14:30 Debug: Notice (8): Undefined index: oauth_token in [C:\xampp\htdocs\twitevent\app\plugins\twitter\controllers\components\Twitter\twitter.php, line 135]
2011-10-26 21:14:30 Debug: Notice (8): Undefined index: oauth_token_secret in [C:\xampp\htdocs\twitevent\app\plugins\twitter\controllers\components\Twitter\twitter.php, line 135]
2011-10-26 21:17:12 Debug: Notice (8): Undefined index: oauth_token in [C:\xampp\htdocs\twitevent\app\plugins\twitter\controllers\components\Twitter\twitter.php, line 135]
2011-10-26 21:17:12 Debug: Notice (8): Undefined index: oauth_token_secret in [C:\xampp\htdocs\twitevent\app\plugins\twitter\controllers\components\Twitter\twitter.php, line 135]
2011-10-26 22:02:04 Debug: Notice (8): Undefined property: EventosController::$Html in [C:\xampp\htdocs\twitevent\app\controllers\eventos_controller.php, line 34]
2011-10-26 22:02:38 Debug: Notice (8): Undefined index: twitter_user in [C:\xampp\htdocs\twitevent\app\views\eventos\index.ctp, line 29]
2011-10-26 22:04:24 Debug: Notice (8): Undefined property: EventosController::$Html in [C:\xampp\htdocs\twitevent\app\controllers\eventos_controller.php, line 34]
2011-10-26 22:04:41 Debug: Notice (8): Undefined property: EventosController::$Html in [C:\xampp\htdocs\twitevent\app\controllers\eventos_controller.php, line 36]
2011-10-26 22:05:13 Debug: Notice (8): Undefined property: EventosController::$Html in [C:\xampp\htdocs\twitevent\app\controllers\eventos_controller.php, line 36]
2011-10-26 22:06:13 Debug: Notice (8): Undefined property: EventosController::$Html in [C:\xampp\htdocs\twitevent\app\controllers\eventos_controller.php, line 37]
2011-10-26 22:06:41 Debug: Notice (8): Undefined property: EventosController::$Html in [C:\xampp\htdocs\twitevent\app\controllers\eventos_controller.php, line 38]
2011-10-26 22:08:23 Debug: Notice (8): Undefined property: EventosController::$Html in [C:\xampp\htdocs\twitevent\app\controllers\eventos_controller.php, line 38]
2011-10-26 22:08:31 Debug: Notice (8): Undefined variable: Html in [C:\xampp\htdocs\twitevent\app\controllers\eventos_controller.php, line 38]
2011-10-26 22:09:39 Debug: Notice (8): Undefined variable: html in [C:\xampp\htdocs\twitevent\app\controllers\eventos_controller.php, line 38]
2011-10-26 22:13:08 Debug: Notice (8): Undefined index: id in [C:\xampp\htdocs\twitevent\app\controllers\eventos_controller.php, line 40]
2011-10-26 22:17:43 Debug: Notice (8): Undefined variable: usuario in [C:\xampp\htdocs\twitevent\app\controllers\eventos_controller.php, line 30]
2011-10-26 22:18:33 Debug: Notice (8): Undefined index: twitter_user in [C:\xampp\htdocs\twitevent\app\views\eventos\index.ctp, line 29]
2011-10-26 22:19:06 Debug: Notice (8): Undefined variable: usuario in [C:\xampp\htdocs\twitevent\app\controllers\eventos_controller.php, line 30]
2011-10-26 22:21:10 Debug: Notice (8): Undefined variable: usuario in [C:\xampp\htdocs\twitevent\app\controllers\eventos_controller.php, line 30]
2011-10-27 03:03:09 Debug: Notice (8): Undefined variable: usuario in [C:\xampp\htdocs\twitevent\app\controllers\eventos_controller.php, line 30]
2011-10-27 04:17:47 Debug: Notice (8): Undefined index: oauth_token in [C:\xampp\htdocs\twitevent\app\plugins\twitter\controllers\components\Twitter\twitter.php, line 134]
2011-10-27 04:17:47 Debug: Notice (8): Undefined index: oauth_token_secret in [C:\xampp\htdocs\twitevent\app\plugins\twitter\controllers\components\Twitter\twitter.php, line 134]
2011-10-27 04:19:00 Debug: Notice (8): Undefined index: oauth_token in [C:\xampp\htdocs\twitevent\app\plugins\twitter\controllers\components\Twitter\twitter.php, line 134]
2011-10-27 04:19:00 Debug: Notice (8): Undefined index: oauth_token_secret in [C:\xampp\htdocs\twitevent\app\plugins\twitter\controllers\components\Twitter\twitter.php, line 134]
2011-10-27 04:20:25 Debug: Notice (8): Undefined index: oauth_token in [C:\xampp\htdocs\twitevent\app\plugins\twitter\controllers\components\Twitter\twitter.php, line 134]
2011-10-27 04:20:25 Debug: Notice (8): Undefined index: oauth_token_secret in [C:\xampp\htdocs\twitevent\app\plugins\twitter\controllers\components\Twitter\twitter.php, line 134]
2011-10-27 04:25:16 Debug: Notice (8): Undefined index: oauth_token in [C:\xampp\htdocs\twitevent\app\plugins\twitter\controllers\components\Twitter\twitter.php, line 134]
2011-10-27 04:25:16 Debug: Notice (8): Undefined index: oauth_token_secret in [C:\xampp\htdocs\twitevent\app\plugins\twitter\controllers\components\Twitter\twitter.php, line 134]
2011-10-27 04:26:35 Debug: Notice (8): Undefined index: oauth_token in [C:\xampp\htdocs\twitevent\app\plugins\twitter\controllers\components\Twitter\twitter.php, line 134]
2011-10-27 04:26:35 Debug: Notice (8): Undefined index: oauth_token_secret in [C:\xampp\htdocs\twitevent\app\plugins\twitter\controllers\components\Twitter\twitter.php, line 134]
2011-10-27 04:30:02 Debug: Notice (8): Undefined index: oauth_token in [C:\xampp\htdocs\twitevent\app\plugins\twitter\controllers\components\Twitter\twitter.php, line 134]
2011-10-27 04:30:02 Debug: Notice (8): Undefined index: oauth_token_secret in [C:\xampp\htdocs\twitevent\app\plugins\twitter\controllers\components\Twitter\twitter.php, line 134]
2011-10-27 04:37:44 Debug: Notice (8): Undefined index: oauth_token in [C:\xampp\htdocs\twitevent\app\plugins\twitter\controllers\components\Twitter\twitter.php, line 134]
2011-10-27 04:37:44 Debug: Notice (8): Undefined index: oauth_token_secret in [C:\xampp\htdocs\twitevent\app\plugins\twitter\controllers\components\Twitter\twitter.php, line 134]
2011-10-27 04:37:45 Debug: Notice (8): Undefined property: UsuariosController::$Seguindo in [C:\xampp\htdocs\twitevent\app\controllers\usuarios_controller.php, line 172]
2011-10-27 04:38:54 Debug: Notice (8): Undefined property: UsuariosController::$Seguindo in [C:\xampp\htdocs\twitevent\app\controllers\usuarios_controller.php, line 172]
2011-10-27 04:43:25 Debug: Notice (8): Undefined index: oauth_token in [C:\xampp\htdocs\twitevent\app\plugins\twitter\controllers\components\Twitter\twitter.php, line 134]
2011-10-27 04:43:25 Debug: Notice (8): Undefined index: oauth_token_secret in [C:\xampp\htdocs\twitevent\app\plugins\twitter\controllers\components\Twitter\twitter.php, line 134]
2011-10-27 04:43:26 Debug: Notice (8): Undefined property: UsuariosController::$Seguindo in [C:\xampp\htdocs\twitevent\app\controllers\usuarios_controller.php, line 174]
2011-10-27 04:43:34 Debug: Notice (8): Undefined index: oauth_token in [C:\xampp\htdocs\twitevent\app\plugins\twitter\controllers\components\Twitter\twitter.php, line 134]
2011-10-27 04:43:35 Debug: Notice (8): Undefined index: oauth_token_secret in [C:\xampp\htdocs\twitevent\app\plugins\twitter\controllers\components\Twitter\twitter.php, line 134]
2011-10-27 04:43:35 Debug: Notice (8): Undefined property: UsuariosController::$Seguindo in [C:\xampp\htdocs\twitevent\app\controllers\usuarios_controller.php, line 174]
2011-10-27 04:44:22 Debug: Notice (8): Undefined index: oauth_token in [C:\xampp\htdocs\twitevent\app\plugins\twitter\controllers\components\Twitter\twitter.php, line 134]
2011-10-27 04:44:22 Debug: Notice (8): Undefined index: oauth_token_secret in [C:\xampp\htdocs\twitevent\app\plugins\twitter\controllers\components\Twitter\twitter.php, line 134]
2011-10-27 04:44:23 Debug: Notice (8): Undefined variable: Seguindo in [C:\xampp\htdocs\twitevent\app\controllers\usuarios_controller.php, line 174]
2011-10-27 04:44:34 Debug: Notice (8): Undefined index: oauth_token in [C:\xampp\htdocs\twitevent\app\plugins\twitter\controllers\components\Twitter\twitter.php, line 134]
2011-10-27 04:44:34 Debug: Notice (8): Undefined index: oauth_token_secret in [C:\xampp\htdocs\twitevent\app\plugins\twitter\controllers\components\Twitter\twitter.php, line 134]
2011-10-27 04:44:35 Debug: Notice (8): Undefined property: UsuariosController::$Seguindo in [C:\xampp\htdocs\twitevent\app\controllers\usuarios_controller.php, line 174]
2011-10-27 04:44:58 Debug: Notice (8): Undefined index: oauth_token in [C:\xampp\htdocs\twitevent\app\plugins\twitter\controllers\components\Twitter\twitter.php, line 134]
2011-10-27 04:44:58 Debug: Notice (8): Undefined index: oauth_token_secret in [C:\xampp\htdocs\twitevent\app\plugins\twitter\controllers\components\Twitter\twitter.php, line 134]
2011-10-27 04:44:59 Debug: Notice (8): Undefined property: UsuariosController::$Seguindo in [C:\xampp\htdocs\twitevent\app\controllers\usuarios_controller.php, line 174]
2011-10-27 04:45:14 Debug: Notice (8): Undefined index: oauth_token in [C:\xampp\htdocs\twitevent\app\plugins\twitter\controllers\components\Twitter\twitter.php, line 134]
2011-10-27 04:45:14 Debug: Notice (8): Undefined index: oauth_token_secret in [C:\xampp\htdocs\twitevent\app\plugins\twitter\controllers\components\Twitter\twitter.php, line 134]
2011-10-27 04:45:15 Debug: Notice (8): Undefined property: UsuariosController::$Seguindo in [C:\xampp\htdocs\twitevent\app\controllers\usuarios_controller.php, line 175]
2011-10-27 04:49:02 Debug: Notice (8): Undefined index: oauth_token in [C:\xampp\htdocs\twitevent\app\plugins\twitter\controllers\components\Twitter\twitter.php, line 134]
2011-10-27 04:49:02 Debug: Notice (8): Undefined index: oauth_token_secret in [C:\xampp\htdocs\twitevent\app\plugins\twitter\controllers\components\Twitter\twitter.php, line 134]
2011-10-27 04:49:03 Debug: Notice (8): Undefined property: UsuariosController::$Evento in [C:\xampp\htdocs\twitevent\app\controllers\usuarios_controller.php, line 173]
2011-10-27 04:49:03 Debug: Notice (8): Trying to get property of non-object in [C:\xampp\htdocs\twitevent\app\controllers\usuarios_controller.php, line 173]
2011-10-27 04:49:41 Debug: Notice (8): Undefined index: oauth_token in [C:\xampp\htdocs\twitevent\app\plugins\twitter\controllers\components\Twitter\twitter.php, line 134]
2011-10-27 04:49:41 Debug: Notice (8): Undefined index: oauth_token_secret in [C:\xampp\htdocs\twitevent\app\plugins\twitter\controllers\components\Twitter\twitter.php, line 134]
2011-10-27 04:49:42 Debug: Notice (8): Undefined property: UsuariosController::$Evento in [C:\xampp\htdocs\twitevent\app\controllers\usuarios_controller.php, line 173]
2011-10-27 04:49:42 Debug: Notice (8): Trying to get property of non-object in [C:\xampp\htdocs\twitevent\app\controllers\usuarios_controller.php, line 173]
2011-10-27 04:50:47 Debug: Notice (8): Undefined index: oauth_token in [C:\xampp\htdocs\twitevent\app\plugins\twitter\controllers\components\Twitter\twitter.php, line 134]
2011-10-27 04:50:47 Debug: Notice (8): Undefined index: oauth_token_secret in [C:\xampp\htdocs\twitevent\app\plugins\twitter\controllers\components\Twitter\twitter.php, line 134]
2011-10-27 04:50:50 Debug: Notice (8): Undefined index: oauth_token in [C:\xampp\htdocs\twitevent\app\plugins\twitter\controllers\components\Twitter\twitter.php, line 134]
2011-10-27 04:50:50 Debug: Notice (8): Undefined index: oauth_token_secret in [C:\xampp\htdocs\twitevent\app\plugins\twitter\controllers\components\Twitter\twitter.php, line 134]
2011-10-27 04:52:16 Debug: Notice (8): Undefined index: oauth_token in [C:\xampp\htdocs\twitevent\app\plugins\twitter\controllers\components\Twitter\twitter.php, line 134]
2011-10-27 04:52:16 Debug: Notice (8): Undefined index: oauth_token_secret in [C:\xampp\htdocs\twitevent\app\plugins\twitter\controllers\components\Twitter\twitter.php, line 134]
2011-10-27 05:00:45 Debug: Notice (8): Undefined variable: segunido in [C:\xampp\htdocs\twitevent\app\views\usuarios\view.ctp, line 57]
2011-10-27 05:00:55 Debug: Notice (8): Undefined variable: segunido in [C:\xampp\htdocs\twitevent\app\views\usuarios\view.ctp, line 57]
2011-10-29 00:07:42 Debug: Notice (8): Undefined variable: usuario in [C:\xampplite\htdocs\twitevent\app\controllers\eventos_controller.php, line 30]
2011-10-29 00:10:16 Debug: Notice (8): Undefined index: twitter_user in [C:\xampplite\htdocs\twitevent\app\views\eventos\index.ctp, line 29]
2011-10-29 00:11:06 Debug: Notice (8): Undefined index: twitter_user in [C:\xampplite\htdocs\twitevent\app\views\eventos\index.ctp, line 29]
2011-10-29 00:12:08 Debug: Notice (8): Undefined variable: usuario in [C:\xampplite\htdocs\twitevent\app\views\eventos\index.ctp, line 3]
2011-10-29 00:12:08 Debug: Notice (8): Undefined variable: usuario in [C:\xampplite\htdocs\twitevent\app\views\eventos\index.ctp, line 4]
2011-10-29 00:12:08 Debug: Notice (8): Undefined variable: usuario in [C:\xampplite\htdocs\twitevent\app\views\eventos\index.ctp, line 5]
2011-10-29 00:12:08 Debug: Notice (8): Undefined index: twitter_user in [C:\xampplite\htdocs\twitevent\app\views\eventos\index.ctp, line 37]
2011-10-29 00:12:19 Debug: Notice (8): Undefined index: twitter_user in [C:\xampplite\htdocs\twitevent\app\views\eventos\index.ctp, line 32]
2011-10-29 00:12:41 Debug: Notice (8): Undefined index: twitter_user in [C:\xampplite\htdocs\twitevent\app\views\eventos\index.ctp, line 31]
2011-10-29 00:12:45 Debug: Notice (8): Undefined index: twitter_user in [C:\xampplite\htdocs\twitevent\app\views\eventos\index.ctp, line 30]
2011-10-29 00:13:13 Debug: Notice (8): Undefined index: twitter_user in [C:\xampplite\htdocs\twitevent\app\views\eventos\index.ctp, line 25]
2011-10-29 00:13:13 Debug: Notice (8): Undefined index: twitter_user in [C:\xampplite\htdocs\twitevent\app\views\eventos\index.ctp, line 30]
2011-10-29 00:13:27 Debug: Notice (8): Undefined index: twitter_user in [C:\xampplite\htdocs\twitevent\app\views\eventos\index.ctp, line 30]
2011-10-29 00:54:59 Debug: Notice (8): Undefined index: valor in [C:\xampplite\htdocs\twitevent\app\views\eventos\view.ctp, line 89]
2011-10-29 01:08:19 Debug: Notice (8): Undefined index: valor in [C:\xampplite\htdocs\twitevent\app\views\eventos\view.ctp, line 89]
2011-10-29 01:11:20 Debug: Notice (8): Undefined index: valor in [C:\xampplite\htdocs\twitevent\app\views\eventos\view.ctp, line 89]
2011-10-31 20:29:27 Debug: Notice (8): Undefined index: oauth_token in [C:\xampp\htdocs\twitevent\app\plugins\twitter\controllers\components\Twitter\twitter.php, line 134]
2011-10-31 20:29:27 Debug: Notice (8): Undefined index: oauth_token_secret in [C:\xampp\htdocs\twitevent\app\plugins\twitter\controllers\components\Twitter\twitter.php, line 134]
2011-10-31 20:30:55 Debug: Notice (8): Undefined index: oauth_token in [C:\xampp\htdocs\twitevent\app\plugins\twitter\controllers\components\Twitter\twitter.php, line 134]
2011-10-31 20:30:55 Debug: Notice (8): Undefined index: oauth_token_secret in [C:\xampp\htdocs\twitevent\app\plugins\twitter\controllers\components\Twitter\twitter.php, line 134]
2011-11-02 03:08:01 Debug: Notice (8): Undefined index: oauth_token in [C:\xampp\htdocs\twitevent\app\plugins\twitter\controllers\components\Twitter\twitter.php, line 134]
2011-11-02 03:08:01 Debug: Notice (8): Undefined index: oauth_token_secret in [C:\xampp\htdocs\twitevent\app\plugins\twitter\controllers\components\Twitter\twitter.php, line 134]
2011-11-02 14:42:42 Debug: Notice (8): Array to string conversion in [C:\xampp\htdocs\twitevent\cake\libs\model\datasources\dbo_source.php, line 749]
2011-11-02 14:42:44 Debug: Notice (8): Undefined index: oauth_token in [C:\xampp\htdocs\twitevent\app\plugins\twitter\controllers\components\Twitter\twitter.php, line 134]
2011-11-02 14:42:44 Debug: Notice (8): Undefined index: oauth_token_secret in [C:\xampp\htdocs\twitevent\app\plugins\twitter\controllers\components\Twitter\twitter.php, line 134]
2011-11-02 14:42:46 Debug: Notice (8): Array to string conversion in [C:\xampp\htdocs\twitevent\cake\libs\model\datasources\dbo_source.php, line 749]
2011-11-02 14:44:55 Debug: Notice (8): Undefined index: oauth_token in [C:\xampp\htdocs\twitevent\app\plugins\twitter\controllers\components\Twitter\twitter.php, line 134]
2011-11-02 14:44:55 Debug: Notice (8): Undefined index: oauth_token_secret in [C:\xampp\htdocs\twitevent\app\plugins\twitter\controllers\components\Twitter\twitter.php, line 134]
2011-11-02 14:44:57 Debug: Notice (8): Array to string conversion in [C:\xampp\htdocs\twitevent\cake\libs\model\datasources\dbo_source.php, line 749]
2011-11-02 14:49:17 Debug: Notice (8): Undefined index: oauth_token in [C:\xampp\htdocs\twitevent\app\plugins\twitter\controllers\components\Twitter\twitter.php, line 134]
2011-11-02 14:49:17 Debug: Notice (8): Undefined index: oauth_token_secret in [C:\xampp\htdocs\twitevent\app\plugins\twitter\controllers\components\Twitter\twitter.php, line 134]
2011-11-02 14:49:21 Debug: Notice (8): Undefined index: screen_name in [C:\xampp\htdocs\twitevent\app\controllers\usuarios_controller.php, line 178]
2011-11-02 14:49:21 Debug: Notice (8): Undefined index: id in [C:\xampp\htdocs\twitevent\app\controllers\usuarios_controller.php, line 179]
2011-11-02 14:49:21 Debug: Notice (8): Undefined index: screen_name in [C:\xampp\htdocs\twitevent\app\controllers\usuarios_controller.php, line 181]
2011-11-02 14:49:22 Debug: Notice (8): Undefined index: id in [C:\xampp\htdocs\twitevent\app\controllers\usuarios_controller.php, line 183]
2011-11-02 14:49:23 Debug: Notice (8): Undefined index: id in [C:\xampp\htdocs\twitevent\app\controllers\usuarios_controller.php, line 186]
2011-11-02 14:49:23 Debug: Notice (8): Undefined index: screen_name in [C:\xampp\htdocs\twitevent\app\controllers\usuarios_controller.php, line 186]
2011-11-02 14:49:23 Debug: Notice (8): Undefined index: name in [C:\xampp\htdocs\twitevent\app\controllers\usuarios_controller.php, line 186]
2011-11-02 14:49:23 Debug: Notice (8): Undefined index: profile_image_url in [C:\xampp\htdocs\twitevent\app\controllers\usuarios_controller.php, line 186]
2011-11-02 14:49:23 Debug: Notice (8): Undefined index: description in [C:\xampp\htdocs\twitevent\app\controllers\usuarios_controller.php, line 186]
2011-11-02 14:49:23 Debug: Notice (8): Undefined index: id in [C:\xampp\htdocs\twitevent\app\controllers\usuarios_controller.php, line 194]
2011-11-02 14:52:20 Debug: Notice (8): Array to string conversion in [C:\xampp\htdocs\twitevent\cake\libs\model\datasources\dbo_source.php, line 749]
2011-11-02 14:52:24 Debug: Notice (8): Undefined index: oauth_token in [C:\xampp\htdocs\twitevent\app\plugins\twitter\controllers\components\Twitter\twitter.php, line 134]
2011-11-02 14:52:24 Debug: Notice (8): Undefined index: oauth_token_secret in [C:\xampp\htdocs\twitevent\app\plugins\twitter\controllers\components\Twitter\twitter.php, line 134]
2011-11-02 14:52:26 Debug: Notice (8): Undefined index: screen_name in [C:\xampp\htdocs\twitevent\app\controllers\usuarios_controller.php, line 178]
2011-11-02 14:52:26 Debug: Notice (8): Undefined index: id in [C:\xampp\htdocs\twitevent\app\controllers\usuarios_controller.php, line 179]
2011-11-02 14:52:26 Debug: Notice (8): Undefined index: screen_name in [C:\xampp\htdocs\twitevent\app\controllers\usuarios_controller.php, line 181]
2011-11-02 14:52:27 Debug: Notice (8): Undefined index: id in [C:\xampp\htdocs\twitevent\app\controllers\usuarios_controller.php, line 183]
2011-11-02 14:52:32 Debug: Notice (8): Undefined index: id in [C:\xampp\htdocs\twitevent\app\controllers\usuarios_controller.php, line 186]
2011-11-02 14:52:32 Debug: Notice (8): Undefined index: screen_name in [C:\xampp\htdocs\twitevent\app\controllers\usuarios_controller.php, line 186]
2011-11-02 14:52:32 Debug: Notice (8): Undefined index: name in [C:\xampp\htdocs\twitevent\app\controllers\usuarios_controller.php, line 186]
2011-11-02 14:52:32 Debug: Notice (8): Undefined index: profile_image_url in [C:\xampp\htdocs\twitevent\app\controllers\usuarios_controller.php, line 186]
2011-11-02 14:52:32 Debug: Notice (8): Undefined index: description in [C:\xampp\htdocs\twitevent\app\controllers\usuarios_controller.php, line 186]
2011-11-02 14:52:32 Debug: Notice (8): Undefined index: id in [C:\xampp\htdocs\twitevent\app\controllers\usuarios_controller.php, line 194]
2011-11-02 14:53:43 Debug: Notice (8): Array to string conversion in [C:\xampp\htdocs\twitevent\cake\libs\model\datasources\dbo_source.php, line 749]
2011-11-02 14:53:47 Debug: Notice (8): Undefined index: oauth_token in [C:\xampp\htdocs\twitevent\app\plugins\twitter\controllers\components\Twitter\twitter.php, line 134]
2011-11-02 14:53:47 Debug: Notice (8): Undefined index: oauth_token_secret in [C:\xampp\htdocs\twitevent\app\plugins\twitter\controllers\components\Twitter\twitter.php, line 134]
2011-11-02 14:53:48 Debug: Notice (8): Undefined index: screen_name in [C:\xampp\htdocs\twitevent\app\controllers\usuarios_controller.php, line 179]
2011-11-02 14:53:48 Debug: Notice (8): Undefined index: id in [C:\xampp\htdocs\twitevent\app\controllers\usuarios_controller.php, line 180]
2011-11-02 14:53:48 Debug: Notice (8): Undefined index: screen_name in [C:\xampp\htdocs\twitevent\app\controllers\usuarios_controller.php, line 182]
2011-11-02 14:53:50 Debug: Notice (8): Undefined index: id in [C:\xampp\htdocs\twitevent\app\controllers\usuarios_controller.php, line 184]
2011-11-02 14:53:51 Debug: Notice (8): Undefined index: id in [C:\xampp\htdocs\twitevent\app\controllers\usuarios_controller.php, line 187]
2011-11-02 14:53:51 Debug: Notice (8): Undefined index: screen_name in [C:\xampp\htdocs\twitevent\app\controllers\usuarios_controller.php, line 187]
2011-11-02 14:53:51 Debug: Notice (8): Undefined index: name in [C:\xampp\htdocs\twitevent\app\controllers\usuarios_controller.php, line 187]
2011-11-02 14:53:51 Debug: Notice (8): Undefined index: profile_image_url in [C:\xampp\htdocs\twitevent\app\controllers\usuarios_controller.php, line 187]
2011-11-02 14:53:51 Debug: Notice (8): Undefined index: description in [C:\xampp\htdocs\twitevent\app\controllers\usuarios_controller.php, line 187]
2011-11-02 14:53:51 Debug: Notice (8): Undefined index: id in [C:\xampp\htdocs\twitevent\app\controllers\usuarios_controller.php, line 195]
2011-11-02 14:55:27 Debug: Notice (8): Array to string conversion in [C:\xampp\htdocs\twitevent\cake\libs\model\datasources\dbo_source.php, line 749]
2011-11-02 14:55:31 Debug: Notice (8): Undefined index: oauth_token in [C:\xampp\htdocs\twitevent\app\plugins\twitter\controllers\components\Twitter\twitter.php, line 134]
2011-11-02 14:55:31 Debug: Notice (8): Undefined index: oauth_token_secret in [C:\xampp\htdocs\twitevent\app\plugins\twitter\controllers\components\Twitter\twitter.php, line 134]
2011-11-02 14:55:32 Debug: Notice (8): Undefined index: screen_name in [C:\xampp\htdocs\twitevent\app\controllers\usuarios_controller.php, line 179]
2011-11-02 14:55:32 Debug: Notice (8): Undefined index: id in [C:\xampp\htdocs\twitevent\app\controllers\usuarios_controller.php, line 180]
2011-11-02 14:55:32 Debug: Notice (8): Undefined index: screen_name in [C:\xampp\htdocs\twitevent\app\controllers\usuarios_controller.php, line 182]
2011-11-02 14:55:37 Debug: Notice (8): Undefined index: id in [C:\xampp\htdocs\twitevent\app\controllers\usuarios_controller.php, line 184]
2011-11-02 14:55:38 Debug: Notice (8): Undefined index: id in [C:\xampp\htdocs\twitevent\app\controllers\usuarios_controller.php, line 187]
2011-11-02 14:55:38 Debug: Notice (8): Undefined index: screen_name in [C:\xampp\htdocs\twitevent\app\controllers\usuarios_controller.php, line 187]
2011-11-02 14:55:38 Debug: Notice (8): Undefined index: name in [C:\xampp\htdocs\twitevent\app\controllers\usuarios_controller.php, line 187]
2011-11-02 14:55:38 Debug: Notice (8): Undefined index: profile_image_url in [C:\xampp\htdocs\twitevent\app\controllers\usuarios_controller.php, line 187]
2011-11-02 14:55:38 Debug: Notice (8): Undefined index: description in [C:\xampp\htdocs\twitevent\app\controllers\usuarios_controller.php, line 187]
2011-11-02 14:55:38 Debug: Notice (8): Undefined index: id in [C:\xampp\htdocs\twitevent\app\controllers\usuarios_controller.php, line 195]
2011-11-02 14:56:16 Debug: Notice (8): Array to string conversion in [C:\xampp\htdocs\twitevent\cake\libs\model\datasources\dbo_source.php, line 749]
2011-11-02 14:56:21 Debug: Notice (8): Undefined index: oauth_token in [C:\xampp\htdocs\twitevent\app\plugins\twitter\controllers\components\Twitter\twitter.php, line 134]
2011-11-02 14:56:21 Debug: Notice (8): Undefined index: oauth_token_secret in [C:\xampp\htdocs\twitevent\app\plugins\twitter\controllers\components\Twitter\twitter.php, line 134]
2011-11-02 14:56:22 Debug: Notice (8): Undefined index: screen_name in [C:\xampp\htdocs\twitevent\app\controllers\usuarios_controller.php, line 179]
2011-11-02 14:56:22 Debug: Notice (8): Undefined index: id in [C:\xampp\htdocs\twitevent\app\controllers\usuarios_controller.php, line 180]
2011-11-02 14:56:22 Debug: Notice (8): Undefined index: screen_name in [C:\xampp\htdocs\twitevent\app\controllers\usuarios_controller.php, line 182]
2011-11-02 14:56:24 Debug: Notice (8): Undefined index: id in [C:\xampp\htdocs\twitevent\app\controllers\usuarios_controller.php, line 184]
2011-11-02 14:56:26 Debug: Notice (8): Undefined index: id in [C:\xampp\htdocs\twitevent\app\controllers\usuarios_controller.php, line 187]
2011-11-02 14:56:26 Debug: Notice (8): Undefined index: screen_name in [C:\xampp\htdocs\twitevent\app\controllers\usuarios_controller.php, line 187]
2011-11-02 14:56:26 Debug: Notice (8): Undefined index: name in [C:\xampp\htdocs\twitevent\app\controllers\usuarios_controller.php, line 187]
2011-11-02 14:56:26 Debug: Notice (8): Undefined index: profile_image_url in [C:\xampp\htdocs\twitevent\app\controllers\usuarios_controller.php, line 187]
2011-11-02 14:56:27 Debug: Notice (8): Undefined index: description in [C:\xampp\htdocs\twitevent\app\controllers\usuarios_controller.php, line 187]
2011-11-02 14:56:27 Debug: Notice (8): Undefined index: id in [C:\xampp\htdocs\twitevent\app\controllers\usuarios_controller.php, line 195]
2011-11-02 15:02:11 Debug: Notice (8): Undefined index: oauth_token in [C:\xampp\htdocs\twitevent\app\plugins\twitter\controllers\components\Twitter\twitter.php, line 134]
2011-11-02 15:02:11 Debug: Notice (8): Undefined index: oauth_token_secret in [C:\xampp\htdocs\twitevent\app\plugins\twitter\controllers\components\Twitter\twitter.php, line 134]
2011-11-02 15:04:17 Debug: Notice (8): Undefined index: oauth_token in [C:\xampp\htdocs\twitevent\app\plugins\twitter\controllers\components\Twitter\twitter.php, line 134]
2011-11-02 15:04:17 Debug: Notice (8): Undefined index: oauth_token_secret in [C:\xampp\htdocs\twitevent\app\plugins\twitter\controllers\components\Twitter\twitter.php, line 134]
2011-11-02 15:04:20 Debug: Notice (8): Undefined index: screen_name in [C:\xampp\htdocs\twitevent\app\controllers\usuarios_controller.php, line 178]
2011-11-02 15:04:20 Debug: Notice (8): Undefined index: id in [C:\xampp\htdocs\twitevent\app\controllers\usuarios_controller.php, line 179]
2011-11-02 15:04:21 Debug: Notice (8): Undefined index: screen_name in [C:\xampp\htdocs\twitevent\app\controllers\usuarios_controller.php, line 181]
2011-11-02 15:04:48 Debug: Notice (8): Undefined index: screen_name in [C:\xampp\htdocs\twitevent\app\controllers\usuarios_controller.php, line 178]
2011-11-02 15:04:48 Debug: Notice (8): Undefined index: id in [C:\xampp\htdocs\twitevent\app\controllers\usuarios_controller.php, line 179]
2011-11-02 15:04:48 Debug: Notice (8): Undefined index: screen_name in [C:\xampp\htdocs\twitevent\app\controllers\usuarios_controller.php, line 181]
2011-11-02 15:04:53 Debug: Notice (8): Undefined index: oauth_token in [C:\xampp\htdocs\twitevent\app\plugins\twitter\controllers\components\Twitter\twitter.php, line 134]
2011-11-02 15:04:53 Debug: Notice (8): Undefined index: oauth_token_secret in [C:\xampp\htdocs\twitevent\app\plugins\twitter\controllers\components\Twitter\twitter.php, line 134]
2011-11-02 15:04:56 Debug: Notice (8): Undefined index: screen_name in [C:\xampp\htdocs\twitevent\app\controllers\usuarios_controller.php, line 178]
2011-11-02 15:04:56 Debug: Notice (8): Undefined index: id in [C:\xampp\htdocs\twitevent\app\controllers\usuarios_controller.php, line 179]
2011-11-02 15:04:56 Debug: Notice (8): Undefined index: screen_name in [C:\xampp\htdocs\twitevent\app\controllers\usuarios_controller.php, line 181]
2011-11-02 15:06:41 Debug: Notice (8): Undefined index: oauth_token in [C:\xampp\htdocs\twitevent\app\plugins\twitter\controllers\components\Twitter\twitter.php, line 134]
2011-11-02 15:06:41 Debug: Notice (8): Undefined index: oauth_token_secret in [C:\xampp\htdocs\twitevent\app\plugins\twitter\controllers\components\Twitter\twitter.php, line 134]
2011-11-02 15:06:59 Debug: Notice (8): Undefined index: oauth_token in [C:\xampp\htdocs\twitevent\app\plugins\twitter\controllers\components\Twitter\twitter.php, line 134]
2011-11-02 15:06:59 Debug: Notice (8): Undefined index: oauth_token_secret in [C:\xampp\htdocs\twitevent\app\plugins\twitter\controllers\components\Twitter\twitter.php, line 134]
2011-11-02 15:07:27 Debug: Notice (8): Undefined index: oauth_token in [C:\xampp\htdocs\twitevent\app\plugins\twitter\controllers\components\Twitter\twitter.php, line 134]
2011-11-02 15:07:27 Debug: Notice (8): Undefined index: oauth_token_secret in [C:\xampp\htdocs\twitevent\app\plugins\twitter\controllers\components\Twitter\twitter.php, line 134]
2011-11-02 15:08:29 Debug: Notice (8): Undefined index: oauth_token in [C:\xampp\htdocs\twitevent\app\plugins\twitter\controllers\components\Twitter\twitter.php, line 134]
2011-11-02 15:08:29 Debug: Notice (8): Undefined index: oauth_token_secret in [C:\xampp\htdocs\twitevent\app\plugins\twitter\controllers\components\Twitter\twitter.php, line 134]
2011-11-02 15:09:18 Debug: Notice (8): Undefined index: oauth_token in [C:\xampp\htdocs\twitevent\app\plugins\twitter\controllers\components\Twitter\twitter.php, line 134]
2011-11-02 15:09:18 Debug: Notice (8): Undefined index: oauth_token_secret in [C:\xampp\htdocs\twitevent\app\plugins\twitter\controllers\components\Twitter\twitter.php, line 134]
2011-11-02 15:10:24 Debug: Notice (8): Undefined index: oauth_token in [C:\xampp\htdocs\twitevent\app\plugins\twitter\controllers\components\Twitter\twitter.php, line 134]
2011-11-02 15:10:24 Debug: Notice (8): Undefined index: oauth_token_secret in [C:\xampp\htdocs\twitevent\app\plugins\twitter\controllers\components\Twitter\twitter.php, line 134]
2011-11-02 15:12:20 Debug: Notice (8): Undefined index: oauth_token in [C:\xampp\htdocs\twitevent\app\plugins\twitter\controllers\components\Twitter\twitter.php, line 134]
2011-11-02 15:12:21 Debug: Notice (8): Undefined index: oauth_token_secret in [C:\xampp\htdocs\twitevent\app\plugins\twitter\controllers\components\Twitter\twitter.php, line 134]
2011-11-02 15:13:08 Debug: Notice (8): Undefined index: oauth_token in [C:\xampp\htdocs\twitevent\app\plugins\twitter\controllers\components\Twitter\twitter.php, line 134]
2011-11-02 15:13:08 Debug: Notice (8): Undefined index: oauth_token_secret in [C:\xampp\htdocs\twitevent\app\plugins\twitter\controllers\components\Twitter\twitter.php, line 134]
2011-11-02 15:14:47 Debug: Notice (8): Undefined index: oauth_token in [C:\xampp\htdocs\twitevent\app\plugins\twitter\controllers\components\Twitter\twitter.php, line 134]
2011-11-02 15:14:47 Debug: Notice (8): Undefined index: oauth_token_secret in [C:\xampp\htdocs\twitevent\app\plugins\twitter\controllers\components\Twitter\twitter.php, line 134]
2011-11-02 15:17:07 Debug: Notice (8): Undefined index: oauth_token in [C:\xampp\htdocs\twitevent\app\plugins\twitter\controllers\components\Twitter\twitter.php, line 134]
2011-11-02 15:17:07 Debug: Notice (8): Undefined index: oauth_token_secret in [C:\xampp\htdocs\twitevent\app\plugins\twitter\controllers\components\Twitter\twitter.php, line 134]
2011-11-02 15:20:42 Debug: Notice (8): Undefined index: oauth_token in [C:\xampp\htdocs\twitevent\app\plugins\twitter\controllers\components\Twitter\twitter.php, line 134]
2011-11-02 15:20:42 Debug: Notice (8): Undefined index: oauth_token_secret in [C:\xampp\htdocs\twitevent\app\plugins\twitter\controllers\components\Twitter\twitter.php, line 134]
2011-11-02 15:22:07 Debug: Notice (8): Undefined index: oauth_token in [C:\xampp\htdocs\twitevent\app\plugins\twitter\controllers\components\Twitter\twitter.php, line 134]
2011-11-02 15:22:07 Debug: Notice (8): Undefined index: oauth_token_secret in [C:\xampp\htdocs\twitevent\app\plugins\twitter\controllers\components\Twitter\twitter.php, line 134]
2011-11-02 15:22:40 Debug: Notice (8): Undefined index: oauth_token in [C:\xampp\htdocs\twitevent\app\plugins\twitter\controllers\components\Twitter\twitter.php, line 134]
2011-11-02 15:22:40 Debug: Notice (8): Undefined index: oauth_token_secret in [C:\xampp\htdocs\twitevent\app\plugins\twitter\controllers\components\Twitter\twitter.php, line 134]
2011-11-02 15:22:57 Debug: Notice (8): Undefined index: oauth_token in [C:\xampp\htdocs\twitevent\app\plugins\twitter\controllers\components\Twitter\twitter.php, line 134]
2011-11-02 15:22:57 Debug: Notice (8): Undefined index: oauth_token_secret in [C:\xampp\htdocs\twitevent\app\plugins\twitter\controllers\components\Twitter\twitter.php, line 134]
2011-11-02 16:22:57 Debug: Notice (8): Undefined index: oauth_token in [C:\xampp\htdocs\twitevent\app\plugins\twitter\controllers\components\Twitter\twitter.php, line 134]
2011-11-02 16:22:57 Debug: Notice (8): Undefined index: oauth_token_secret in [C:\xampp\htdocs\twitevent\app\plugins\twitter\controllers\components\Twitter\twitter.php, line 134]
2011-11-05 18:36:03 Debug: Notice (8): Undefined index: oauth_token in [C:\xampp\htdocs\twitevent\app\plugins\twitter\controllers\components\Twitter\twitter.php, line 134]
2011-11-05 18:36:04 Debug: Notice (8): Undefined index: oauth_token_secret in [C:\xampp\htdocs\twitevent\app\plugins\twitter\controllers\components\Twitter\twitter.php, line 134]
2011-11-05 18:38:00 Debug: Notice (8): Undefined index: oauth_token in [C:\xampp\htdocs\twitevent\app\plugins\twitter\controllers\components\Twitter\twitter.php, line 134]
2011-11-05 18:38:00 Debug: Notice (8): Undefined index: oauth_token_secret in [C:\xampp\htdocs\twitevent\app\plugins\twitter\controllers\components\Twitter\twitter.php, line 134]
2011-11-05 18:42:52 Debug: Notice (8): Undefined index: oauth_token in [C:\xampp\htdocs\twitevent\app\plugins\twitter\controllers\components\Twitter\twitter.php, line 134]
2011-11-05 18:42:52 Debug: Notice (8): Undefined index: oauth_token_secret in [C:\xampp\htdocs\twitevent\app\plugins\twitter\controllers\components\Twitter\twitter.php, line 134]
2011-11-05 18:46:33 Debug: Notice (8): Undefined index: oauth_token in [C:\xampp\htdocs\twitevent\app\plugins\twitter\controllers\components\Twitter\twitter.php, line 134]
2011-11-05 18:46:33 Debug: Notice (8): Undefined index: oauth_token_secret in [C:\xampp\htdocs\twitevent\app\plugins\twitter\controllers\components\Twitter\twitter.php, line 134]
2011-11-05 18:46:33 Debug: Notice (8): Undefined variable: twitter_user in [C:\xampp\htdocs\twitevent\app\controllers\usuarios_controller.php, line 182]
2011-11-05 18:46:35 Debug: Notice (8): Undefined variable: twitter_user in [C:\xampp\htdocs\twitevent\app\controllers\usuarios_controller.php, line 185]
2011-11-05 18:47:03 Debug: Notice (8): Undefined index: oauth_token in [C:\xampp\htdocs\twitevent\app\plugins\twitter\controllers\components\Twitter\twitter.php, line 134]
2011-11-05 18:47:03 Debug: Notice (8): Undefined index: oauth_token_secret in [C:\xampp\htdocs\twitevent\app\plugins\twitter\controllers\components\Twitter\twitter.php, line 134]
2011-11-05 18:47:16 Debug: Notice (8): Array to string conversion in [C:\xampp\htdocs\twitevent\cake\libs\model\datasources\dbo_source.php, line 749]
2011-11-05 18:50:25 Debug: Notice (8): Undefined index: oauth_token in [C:\xampp\htdocs\twitevent\app\plugins\twitter\controllers\components\Twitter\twitter.php, line 134]
2011-11-05 18:50:25 Debug: Notice (8): Undefined index: oauth_token_secret in [C:\xampp\htdocs\twitevent\app\plugins\twitter\controllers\components\Twitter\twitter.php, line 134]
2011-11-05 18:50:41 Debug: Notice (8): Array to string conversion in [C:\xampp\htdocs\twitevent\cake\libs\model\datasources\dbo_source.php, line 749]
2011-11-05 18:51:17 Debug: Notice (8): Undefined index: oauth_token in [C:\xampp\htdocs\twitevent\app\plugins\twitter\controllers\components\Twitter\twitter.php, line 134]
2011-11-05 18:51:17 Debug: Notice (8): Undefined index: oauth_token_secret in [C:\xampp\htdocs\twitevent\app\plugins\twitter\controllers\components\Twitter\twitter.php, line 134]
2011-11-05 18:51:24 Debug: Notice (8): Array to string conversion in [C:\xampp\htdocs\twitevent\cake\libs\model\datasources\dbo_source.php, line 749]
2011-11-05 18:52:40 Debug: Notice (8): Array to string conversion in [C:\xampp\htdocs\twitevent\cake\libs\model\datasources\dbo_source.php, line 749]
2011-11-05 18:52:43 Debug: Notice (8): Undefined index: oauth_token in [C:\xampp\htdocs\twitevent\app\plugins\twitter\controllers\components\Twitter\twitter.php, line 134]
2011-11-05 18:52:43 Debug: Notice (8): Undefined index: oauth_token_secret in [C:\xampp\htdocs\twitevent\app\plugins\twitter\controllers\components\Twitter\twitter.php, line 134]
2011-11-05 18:52:45 Debug: Notice (8): Array to string conversion in [C:\xampp\htdocs\twitevent\cake\libs\model\datasources\dbo_source.php, line 749]
2011-11-05 18:54:01 Debug: Notice (8): Undefined index: oauth_token in [C:\xampp\htdocs\twitevent\app\plugins\twitter\controllers\components\Twitter\twitter.php, line 134]
2011-11-05 18:54:01 Debug: Notice (8): Undefined index: oauth_token_secret in [C:\xampp\htdocs\twitevent\app\plugins\twitter\controllers\components\Twitter\twitter.php, line 134]
2011-11-05 18:54:43 Debug: Notice (8): Undefined index: oauth_token in [C:\xampp\htdocs\twitevent\app\plugins\twitter\controllers\components\Twitter\twitter.php, line 134]
2011-11-05 18:54:43 Debug: Notice (8): Undefined index: oauth_token_secret in [C:\xampp\htdocs\twitevent\app\plugins\twitter\controllers\components\Twitter\twitter.php, line 134]
2011-11-05 18:55:58 Debug: Notice (8): Undefined index: oauth_token in [C:\xampp\htdocs\twitevent\app\plugins\twitter\controllers\components\Twitter\twitter.php, line 134]
2011-11-05 18:55:58 Debug: Notice (8): Undefined index: oauth_token_secret in [C:\xampp\htdocs\twitevent\app\plugins\twitter\controllers\components\Twitter\twitter.php, line 134]
2011-11-05 18:57:17 Debug: Notice (8): Undefined index: oauth_token in [C:\xampp\htdocs\twitevent\app\plugins\twitter\controllers\components\Twitter\twitter.php, line 134]
2011-11-05 18:57:17 Debug: Notice (8): Undefined index: oauth_token_secret in [C:\xampp\htdocs\twitevent\app\plugins\twitter\controllers\components\Twitter\twitter.php, line 134]
2011-11-05 19:00:33 Debug: Notice (8): Undefined index: oauth_token in [C:\xampp\htdocs\twitevent\app\plugins\twitter\controllers\components\Twitter\twitter.php, line 134]
2011-11-05 19:00:33 Debug: Notice (8): Undefined index: oauth_token_secret in [C:\xampp\htdocs\twitevent\app\plugins\twitter\controllers\components\Twitter\twitter.php, line 134]
2011-11-05 19:00:50 Debug: Notice (8): Undefined index: oauth_token in [C:\xampp\htdocs\twitevent\app\plugins\twitter\controllers\components\Twitter\twitter.php, line 134]
2011-11-05 19:00:50 Debug: Notice (8): Undefined index: oauth_token_secret in [C:\xampp\htdocs\twitevent\app\plugins\twitter\controllers\components\Twitter\twitter.php, line 134]
2011-11-05 19:02:13 Debug: Notice (8): Undefined index: oauth_token in [C:\xampp\htdocs\twitevent\app\plugins\twitter\controllers\components\Twitter\twitter.php, line 134]
2011-11-05 19:02:13 Debug: Notice (8): Undefined index: oauth_token_secret in [C:\xampp\htdocs\twitevent\app\plugins\twitter\controllers\components\Twitter\twitter.php, line 134]
2011-11-05 19:04:46 Debug: Notice (8): Undefined index: oauth_token in [C:\xampp\htdocs\twitevent\app\plugins\twitter\controllers\components\Twitter\twitter.php, line 134]
2011-11-05 19:04:46 Debug: Notice (8): Undefined index: oauth_token_secret in [C:\xampp\htdocs\twitevent\app\plugins\twitter\controllers\components\Twitter\twitter.php, line 134]
2011-11-05 19:05:34 Debug: Notice (8): Undefined index: oauth_token in [C:\xampp\htdocs\twitevent\app\plugins\twitter\controllers\components\Twitter\twitter.php, line 134]
2011-11-05 19:05:34 Debug: Notice (8): Undefined index: oauth_token_secret in [C:\xampp\htdocs\twitevent\app\plugins\twitter\controllers\components\Twitter\twitter.php, line 134]
2011-11-05 19:06:03 Debug: Notice (8): Undefined index: oauth_token in [C:\xampp\htdocs\twitevent\app\plugins\twitter\controllers\components\Twitter\twitter.php, line 134]
2011-11-05 19:06:03 Debug: Notice (8): Undefined index: oauth_token_secret in [C:\xampp\htdocs\twitevent\app\plugins\twitter\controllers\components\Twitter\twitter.php, line 134]
2011-11-05 19:06:04 Debug: Notice (8): Undefined index: screen_name in [C:\xampp\htdocs\twitevent\app\controllers\usuarios_controller.php, line 182]
2011-11-05 19:06:05 Debug: Notice (8): Undefined index: ids in [C:\xampp\htdocs\twitevent\app\controllers\usuarios_controller.php, line 183]
2011-11-05 19:06:05 Debug: Notice (8): Undefined index: id in [C:\xampp\htdocs\twitevent\app\controllers\usuarios_controller.php, line 189]
2011-11-05 19:06:05 Debug: Notice (8): Undefined index: screen_name in [C:\xampp\htdocs\twitevent\app\controllers\usuarios_controller.php, line 189]
2011-11-05 19:06:05 Debug: Notice (8): Undefined index: name in [C:\xampp\htdocs\twitevent\app\controllers\usuarios_controller.php, line 189]
2011-11-05 19:06:05 Debug: Notice (8): Undefined index: profile_image_url in [C:\xampp\htdocs\twitevent\app\controllers\usuarios_controller.php, line 189]
2011-11-05 19:06:05 Debug: Notice (8): Undefined index: description in [C:\xampp\htdocs\twitevent\app\controllers\usuarios_controller.php, line 189]
2011-11-05 19:06:05 Debug: Notice (8): Undefined index: id in [C:\xampp\htdocs\twitevent\app\controllers\usuarios_controller.php, line 198]
2011-11-05 19:23:58 Debug: Notice (8): Undefined variable: usuarios in [C:\xampp\htdocs\twitevent\app\controllers\usuarios_controller.php, line 43]
2011-11-05 19:34:34 Debug: Notice (8): Undefined index: oauth_token in [C:\xampp\htdocs\twitevent\app\plugins\twitter\controllers\components\Twitter\twitter.php, line 134]
2011-11-05 19:34:34 Debug: Notice (8): Undefined index: oauth_token_secret in [C:\xampp\htdocs\twitevent\app\plugins\twitter\controllers\components\Twitter\twitter.php, line 134]
2011-11-05 20:28:33 Debug: Notice (8): Undefined variable: data in [C:\xampp\htdocs\twitevent\app\controllers\eventos_controller.php, line 139]
2011-11-05 20:28:36 Debug: Notice (8): Undefined variable: data in [C:\xampp\htdocs\twitevent\app\controllers\eventos_controller.php, line 139]
2011-11-05 20:29:08 Debug: Notice (8): Undefined variable: data in [C:\xampp\htdocs\twitevent\app\controllers\eventos_controller.php, line 139]
2011-11-05 20:29:39 Debug: Notice (8): Undefined variable: data in [C:\xampp\htdocs\twitevent\app\controllers\eventos_controller.php, line 139]
2011-11-05 20:29:41 Debug: Notice (8): Undefined variable: data in [C:\xampp\htdocs\twitevent\app\controllers\eventos_controller.php, line 139]
2011-11-05 20:29:45 Debug: Notice (8): Undefined variable: data in [C:\xampp\htdocs\twitevent\app\controllers\eventos_controller.php, line 139]
2011-11-05 20:29:46 Debug: Notice (8): Undefined variable: data in [C:\xampp\htdocs\twitevent\app\controllers\eventos_controller.php, line 139]
2011-11-05 20:34:34 Debug: Notice (8): Undefined index: oauth_token in [C:\xampp\htdocs\twitevent\app\plugins\twitter\controllers\components\Twitter\twitter.php, line 134]
2011-11-05 20:34:34 Debug: Notice (8): Undefined index: oauth_token_secret in [C:\xampp\htdocs\twitevent\app\plugins\twitter\controllers\components\Twitter\twitter.php, line 134]
2011-11-05 20:37:55 Debug: Notice (8): Undefined index: oauth_token in [C:\xampp\htdocs\twitevent\app\plugins\twitter\controllers\components\Twitter\twitter.php, line 134]
2011-11-05 20:37:55 Debug: Notice (8): Undefined index: oauth_token_secret in [C:\xampp\htdocs\twitevent\app\plugins\twitter\controllers\components\Twitter\twitter.php, line 134]
2011-11-05 20:38:24 Debug: Notice (8): Undefined index: oauth_token in [C:\xampp\htdocs\twitevent\app\plugins\twitter\controllers\components\Twitter\twitter.php, line 134]
2011-11-05 20:38:24 Debug: Notice (8): Undefined index: oauth_token_secret in [C:\xampp\htdocs\twitevent\app\plugins\twitter\controllers\components\Twitter\twitter.php, line 134]
2011-11-05 20:38:37 Debug: Notice (8): Undefined index: oauth_token in [C:\xampp\htdocs\twitevent\app\plugins\twitter\controllers\components\Twitter\twitter.php, line 134]
2011-11-05 20:38:37 Debug: Notice (8): Undefined index: oauth_token_secret in [C:\xampp\htdocs\twitevent\app\plugins\twitter\controllers\components\Twitter\twitter.php, line 134]
2011-11-05 21:17:16 Debug: Notice (8): Undefined index: Confirmado in [C:\xampp\htdocs\twitevent\app\controllers\usuarios_controller.php, line 35]
2011-11-05 21:17:45 Debug: Notice (8): Undefined index: Confirmado in [C:\xampp\htdocs\twitevent\app\controllers\usuarios_controller.php, line 35]
2011-11-05 21:18:39 Debug: Notice (8): Undefined variable: eventosConfirmados in [C:\xampp\htdocs\twitevent\app\controllers\usuarios_controller.php, line 49]
2011-11-05 21:18:50 Debug: Notice (8): Undefined variable: eventosConfirmados in [C:\xampp\htdocs\twitevent\app\views\usuarios\view.ctp, line 58]
2011-11-05 21:27:22 Debug: Notice (8): Undefined index: Seguindo in [C:\xampp\htdocs\twitevent\app\controllers\usuarios_controller.php, line 50]
2011-11-05 21:27:22 Debug: Notice (8): Undefined index: usuario_id in [C:\xampp\htdocs\twitevent\app\views\usuarios\view.ctp, line 80]
2011-11-05 21:27:22 Debug: Notice (8): Undefined index: titulo in [C:\xampp\htdocs\twitevent\app\views\usuarios\view.ctp, line 81]
2011-11-05 21:27:22 Debug: Notice (8): Undefined index: descricao in [C:\xampp\htdocs\twitevent\app\views\usuarios\view.ctp, line 82]
2011-11-05 21:27:22 Debug: Notice (8): Undefined index: data in [C:\xampp\htdocs\twitevent\app\views\usuarios\view.ctp, line 83]
2011-11-05 21:27:23 Debug: Notice (8): Undefined index: local in [C:\xampp\htdocs\twitevent\app\views\usuarios\view.ctp, line 84]
2011-11-05 21:27:23 Debug: Notice (8): Undefined index: preco in [C:\xampp\htdocs\twitevent\app\views\usuarios\view.ctp, line 85]
2011-11-05 21:27:23 Debug: Notice (8): Undefined index: id in [C:\xampp\htdocs\twitevent\app\views\usuarios\view.ctp, line 87]
2011-11-05 21:27:55 Debug: Notice (8): Undefined index: Seguindo in [C:\xampp\htdocs\twitevent\app\controllers\usuarios_controller.php, line 51]
2011-11-05 21:27:55 Debug: Notice (8): Undefined index: usuario_id in [C:\xampp\htdocs\twitevent\app\views\usuarios\view.ctp, line 80]
2011-11-05 21:27:55 Debug: Notice (8): Undefined index: titulo in [C:\xampp\htdocs\twitevent\app\views\usuarios\view.ctp, line 81]
2011-11-05 21:27:55 Debug: Notice (8): Undefined index: descricao in [C:\xampp\htdocs\twitevent\app\views\usuarios\view.ctp, line 82]
2011-11-05 21:27:55 Debug: Notice (8): Undefined index: data in [C:\xampp\htdocs\twitevent\app\views\usuarios\view.ctp, line 83]
2011-11-05 21:27:55 Debug: Notice (8): Undefined index: local in [C:\xampp\htdocs\twitevent\app\views\usuarios\view.ctp, line 84]
2011-11-05 21:27:56 Debug: Notice (8): Undefined index: preco in [C:\xampp\htdocs\twitevent\app\views\usuarios\view.ctp, line 85]
2011-11-05 21:27:56 Debug: Notice (8): Undefined index: id in [C:\xampp\htdocs\twitevent\app\views\usuarios\view.ctp, line 87]
2011-11-05 21:28:44 Debug: Notice (8): Undefined index: Seguindo in [C:\xampp\htdocs\twitevent\app\controllers\usuarios_controller.php, line 52]
2011-11-05 21:28:44 Debug: Notice (8): Undefined index: usuario_id in [C:\xampp\htdocs\twitevent\app\views\usuarios\view.ctp, line 80]
2011-11-05 21:28:44 Debug: Notice (8): Undefined index: titulo in [C:\xampp\htdocs\twitevent\app\views\usuarios\view.ctp, line 81]
2011-11-05 21:28:44 Debug: Notice (8): Undefined index: descricao in [C:\xampp\htdocs\twitevent\app\views\usuarios\view.ctp, line 82]
2011-11-05 21:28:44 Debug: Notice (8): Undefined index: data in [C:\xampp\htdocs\twitevent\app\views\usuarios\view.ctp, line 83]
2011-11-05 21:28:44 Debug: Notice (8): Undefined index: local in [C:\xampp\htdocs\twitevent\app\views\usuarios\view.ctp, line 84]
2011-11-05 21:28:44 Debug: Notice (8): Undefined index: preco in [C:\xampp\htdocs\twitevent\app\views\usuarios\view.ctp, line 85]
2011-11-05 21:28:44 Debug: Notice (8): Undefined index: id in [C:\xampp\htdocs\twitevent\app\views\usuarios\view.ctp, line 87]
2011-11-05 21:29:58 Debug: Notice (8): Undefined index: Seguindo in [C:\xampp\htdocs\twitevent\app\controllers\usuarios_controller.php, line 51]
2011-11-05 21:29:59 Debug: Notice (8): Undefined index: usuario_id in [C:\xampp\htdocs\twitevent\app\views\usuarios\view.ctp, line 81]
2011-11-05 21:29:59 Debug: Notice (8): Undefined index: titulo in [C:\xampp\htdocs\twitevent\app\views\usuarios\view.ctp, line 82]
2011-11-05 21:29:59 Debug: Notice (8): Undefined index: descricao in [C:\xampp\htdocs\twitevent\app\views\usuarios\view.ctp, line 83]
2011-11-05 21:29:59 Debug: Notice (8): Undefined index: data in [C:\xampp\htdocs\twitevent\app\views\usuarios\view.ctp, line 84]
2011-11-05 21:29:59 Debug: Notice (8): Undefined index: local in [C:\xampp\htdocs\twitevent\app\views\usuarios\view.ctp, line 85]
2011-11-05 21:29:59 Debug: Notice (8): Undefined index: preco in [C:\xampp\htdocs\twitevent\app\views\usuarios\view.ctp, line 86]
2011-11-05 21:29:59 Debug: Notice (8): Undefined index: id in [C:\xampp\htdocs\twitevent\app\views\usuarios\view.ctp, line 88]
2011-11-05 21:30:44 Debug: Notice (8): Undefined index: Seguindo in [C:\xampp\htdocs\twitevent\app\controllers\usuarios_controller.php, line 51]
2011-11-05 21:30:44 Debug: Notice (8): Undefined index: usuario_id in [C:\xampp\htdocs\twitevent\app\views\usuarios\view.ctp, line 81]
2011-11-05 21:30:44 Debug: Notice (8): Undefined index: titulo in [C:\xampp\htdocs\twitevent\app\views\usuarios\view.ctp, line 82]
2011-11-05 21:30:44 Debug: Notice (8): Undefined index: descricao in [C:\xampp\htdocs\twitevent\app\views\usuarios\view.ctp, line 83]
2011-11-05 21:30:44 Debug: Notice (8): Undefined index: data in [C:\xampp\htdocs\twitevent\app\views\usuarios\view.ctp, line 84]
2011-11-05 21:30:44 Debug: Notice (8): Undefined index: local in [C:\xampp\htdocs\twitevent\app\views\usuarios\view.ctp, line 85]
2011-11-05 21:30:44 Debug: Notice (8): Undefined index: preco in [C:\xampp\htdocs\twitevent\app\views\usuarios\view.ctp, line 86]
2011-11-05 21:30:44 Debug: Notice (8): Undefined index: id in [C:\xampp\htdocs\twitevent\app\views\usuarios\view.ctp, line 88]
2011-11-05 21:31:14 Debug: Notice (8): Undefined index: usuario_id in [C:\xampp\htdocs\twitevent\app\views\usuarios\view.ctp, line 81]
2011-11-05 21:31:14 Debug: Notice (8): Undefined index: titulo in [C:\xampp\htdocs\twitevent\app\views\usuarios\view.ctp, line 82]
2011-11-05 21:31:14 Debug: Notice (8): Undefined index: descricao in [C:\xampp\htdocs\twitevent\app\views\usuarios\view.ctp, line 83]
2011-11-05 21:31:14 Debug: Notice (8): Undefined index: data in [C:\xampp\htdocs\twitevent\app\views\usuarios\view.ctp, line 84]
2011-11-05 21:31:14 Debug: Notice (8): Undefined index: local in [C:\xampp\htdocs\twitevent\app\views\usuarios\view.ctp, line 85]
2011-11-05 21:31:14 Debug: Notice (8): Undefined index: preco in [C:\xampp\htdocs\twitevent\app\views\usuarios\view.ctp, line 86]
2011-11-05 21:31:14 Debug: Notice (8): Undefined index: id in [C:\xampp\htdocs\twitevent\app\views\usuarios\view.ctp, line 88]
2011-11-05 21:31:19 Debug: Notice (8): Undefined index: usuario_id in [C:\xampp\htdocs\twitevent\app\views\usuarios\view.ctp, line 81]
2011-11-05 21:31:19 Debug: Notice (8): Undefined index: titulo in [C:\xampp\htdocs\twitevent\app\views\usuarios\view.ctp, line 82]
2011-11-05 21:31:20 Debug: Notice (8): Undefined index: descricao in [C:\xampp\htdocs\twitevent\app\views\usuarios\view.ctp, line 83]
2011-11-05 21:31:20 Debug: Notice (8): Undefined index: data in [C:\xampp\htdocs\twitevent\app\views\usuarios\view.ctp, line 84]
2011-11-05 21:31:20 Debug: Notice (8): Undefined index: local in [C:\xampp\htdocs\twitevent\app\views\usuarios\view.ctp, line 85]
2011-11-05 21:31:20 Debug: Notice (8): Undefined index: preco in [C:\xampp\htdocs\twitevent\app\views\usuarios\view.ctp, line 86]
2011-11-05 21:31:20 Debug: Notice (8): Undefined index: id in [C:\xampp\htdocs\twitevent\app\views\usuarios\view.ctp, line 88]
2011-11-05 21:57:23 Debug: Notice (8): Undefined property: UsuariosController::$Evento in [C:\xampp\htdocs\twitevent\app\controllers\usuarios_controller.php, line 269]
2011-11-05 22:04:15 Debug: Notice (8): Undefined variable: evento in [C:\xampp\htdocs\twitevent\app\controllers\usuarios_controller.php, line 274]
2011-11-05 22:10:56 Debug: Notice (8): Array to string conversion in [C:\xampp\htdocs\twitevent\cake\libs\router.php, line 1573]
2011-11-05 22:11:25 Debug: Notice (8): Array to string conversion in [C:\xampp\htdocs\twitevent\cake\libs\router.php, line 1573]
