2011-10-26 18:58:47 Warning: Warning (2): Cannot modify header information - headers already sent by (output started at C:\xampp\htdocs\twitevent\cake\libs\debugger.php:683) in [C:\xampp\htdocs\twitevent\cake\libs\controller\controller.php, line 742]
2011-10-26 18:59:27 Warning: Warning (2): Cannot modify header information - headers already sent by (output started at C:\xampp\htdocs\twitevent\cake\libs\debugger.php:683) in [C:\xampp\htdocs\twitevent\cake\libs\controller\controller.php, line 742]
2011-10-26 19:04:27 Warning: Warning (2): Cannot modify header information - headers already sent by (output started at C:\xampp\htdocs\twitevent\cake\libs\debugger.php:683) in [C:\xampp\htdocs\twitevent\cake\libs\controller\controller.php, line 742]
2011-10-26 20:04:14 Warning: Warning (512): <span style="color:Red;text-align:left"><b>SQL Error:</b> 1054: Unknown column 'Usuario.user_id' in 'where clause'</span> in [C:\xampp\htdocs\twitevent\cake\libs\model\datasources\dbo_source.php, line 684]
2011-10-26 20:04:17 Warning: Warning (512): <span style="color:Red;text-align:left"><b>SQL Error:</b> 1054: Unknown column 'Usuario.user_id' in 'where clause'</span> in [C:\xampp\htdocs\twitevent\cake\libs\model\datasources\dbo_source.php, line 684]
2011-10-26 20:11:55 Warning: Warning (2): Cannot modify header information - headers already sent by (output started at C:\xampp\htdocs\twitevent\cake\libs\debugger.php:683) in [C:\xampp\htdocs\twitevent\cake\libs\controller\controller.php, line 742]
2011-10-27 05:35:46 Warning: Warning (2): Invalid argument supplied for foreach() in [C:\xampp\htdocs\twitevent\app\views\usuarios\calendar.ctp, line 7]
2011-10-27 05:36:20 Warning: Warning (2): Invalid argument supplied for foreach() in [C:\xampp\htdocs\twitevent\app\views\usuarios\calendar.ctp, line 8]
2011-10-27 05:37:17 Warning: Warning (2): Invalid argument supplied for foreach() in [C:\xampp\htdocs\twitevent\app\views\usuarios\calendar.ctp, line 8]
2011-10-27 05:37:48 Warning: Warning (2): Invalid argument supplied for foreach() in [C:\xampp\htdocs\twitevent\app\views\usuarios\calendar.ctp, line 8]
2011-10-29 00:05:25 Warning: Warning (2): mysql_connect() [<a href='http://php.net/function.mysql-connect'>function.mysql-connect</a>]: Access denied for user 'root'@'localhost' (using password: YES) in [C:\xampplite\htdocs\twitevent\cake\libs\model\datasources\dbo\dbo_mysql.php, line 561]
2011-10-29 00:05:25 Warning: Warning (2): mysql_query() expects parameter 2 to be resource, boolean given in [C:\xampplite\htdocs\twitevent\cake\libs\model\datasources\dbo\dbo_mysql.php, line 613]
2011-10-29 00:05:25 Warning: Warning (2): Cannot modify header information - headers already sent by (output started at C:\xampplite\htdocs\twitevent\cake\libs\debugger.php:683) in [C:\xampplite\htdocs\twitevent\cake\libs\controller\controller.php, line 742]
2011-10-29 00:05:44 Warning: Warning (2): mysql_connect() [<a href='http://php.net/function.mysql-connect'>function.mysql-connect</a>]: Access denied for user 'root'@'localhost' (using password: YES) in [C:\xampplite\htdocs\twitevent\cake\libs\model\datasources\dbo\dbo_mysql.php, line 561]
2011-10-29 00:05:44 Warning: Warning (2): mysql_query() expects parameter 2 to be resource, boolean given in [C:\xampplite\htdocs\twitevent\cake\libs\model\datasources\dbo\dbo_mysql.php, line 613]
2011-10-29 00:05:44 Warning: Warning (2): Cannot modify header information - headers already sent by (output started at C:\xampplite\htdocs\twitevent\cake\libs\debugger.php:683) in [C:\xampplite\htdocs\twitevent\cake\libs\controller\controller.php, line 742]
2011-10-29 00:05:49 Warning: Warning (2): mysql_connect() [<a href='http://php.net/function.mysql-connect'>function.mysql-connect</a>]: Access denied for user 'root'@'localhost' (using password: YES) in [C:\xampplite\htdocs\twitevent\cake\libs\model\datasources\dbo\dbo_mysql.php, line 561]
2011-10-29 00:05:49 Warning: Warning (2): mysql_query() expects parameter 2 to be resource, boolean given in [C:\xampplite\htdocs\twitevent\cake\libs\model\datasources\dbo\dbo_mysql.php, line 613]
2011-10-29 00:05:49 Warning: Warning (2): Cannot modify header information - headers already sent by (output started at C:\xampplite\htdocs\twitevent\cake\libs\debugger.php:683) in [C:\xampplite\htdocs\twitevent\cake\libs\controller\controller.php, line 742]
2011-10-29 00:05:50 Warning: Warning (2): mysql_connect() [<a href='http://php.net/function.mysql-connect'>function.mysql-connect</a>]: Access denied for user 'root'@'localhost' (using password: YES) in [C:\xampplite\htdocs\twitevent\cake\libs\model\datasources\dbo\dbo_mysql.php, line 561]
2011-10-29 00:05:50 Warning: Warning (2): mysql_query() expects parameter 2 to be resource, boolean given in [C:\xampplite\htdocs\twitevent\cake\libs\model\datasources\dbo\dbo_mysql.php, line 613]
2011-10-29 00:05:50 Warning: Warning (2): Cannot modify header information - headers already sent by (output started at C:\xampplite\htdocs\twitevent\cake\libs\debugger.php:683) in [C:\xampplite\htdocs\twitevent\cake\libs\controller\controller.php, line 742]
2011-10-29 00:07:42 Warning: Warning (2): Cannot modify header information - headers already sent by (output started at C:\xampplite\htdocs\twitevent\cake\libs\debugger.php:683) in [C:\xampplite\htdocs\twitevent\cake\libs\controller\controller.php, line 742]
2011-10-29 00:49:21 Warning: Warning (512): <span style="color:Red;text-align:left"><b>SQL Error:</b> 1054: Unknown column 'Evento.usuario_id' in 'field list'</span> in [C:\xampplite\htdocs\twitevent\cake\libs\model\datasources\dbo_source.php, line 684]
2011-10-29 00:49:21 Warning: Warning (2): Invalid argument supplied for foreach() in [C:\xampplite\htdocs\twitevent\cake\libs\model\datasources\dbo_source.php, line 1098]
2011-10-29 00:50:47 Warning: Warning (512): <span style="color:Red;text-align:left"><b>SQL Error:</b> 1054: Unknown column 'Evento.usuario_id' in 'field list'</span> in [C:\xampplite\htdocs\twitevent\cake\libs\model\datasources\dbo_source.php, line 684]
2011-10-29 00:50:47 Warning: Warning (2): Invalid argument supplied for foreach() in [C:\xampplite\htdocs\twitevent\cake\libs\model\datasources\dbo_source.php, line 1098]
2011-10-29 00:59:14 Warning: Warning (2): Cannot modify header information - headers already sent by (output started at C:\xampplite\htdocs\twitevent\cake\basics.php:130) in [C:\xampplite\htdocs\twitevent\cake\libs\controller\controller.php, line 742]
2011-10-29 01:02:33 Warning: Warning (2): Cannot modify header information - headers already sent by (output started at C:\xampplite\htdocs\twitevent\cake\basics.php:130) in [C:\xampplite\htdocs\twitevent\cake\libs\controller\controller.php, line 742]
2011-10-30 01:42:44 Warning: Warning (2): mysql_connect() [<a href='http://php.net/function.mysql-connect'>function.mysql-connect</a>]: Access denied for user 'root'@'localhost' (using password: NO) in [C:\xampp\htdocs\twitevent\cake\libs\model\datasources\dbo\dbo_mysql.php, line 561]
2011-10-30 01:42:44 Warning: Warning (2): mysql_query() expects parameter 2 to be resource, boolean given in [C:\xampp\htdocs\twitevent\cake\libs\model\datasources\dbo\dbo_mysql.php, line 613]
2011-10-30 01:42:49 Warning: Warning (2): mysql_connect() [<a href='http://php.net/function.mysql-connect'>function.mysql-connect</a>]: Access denied for user 'root'@'localhost' (using password: NO) in [C:\xampp\htdocs\twitevent\cake\libs\model\datasources\dbo\dbo_mysql.php, line 561]
2011-10-30 01:42:49 Warning: Warning (2): mysql_query() expects parameter 2 to be resource, boolean given in [C:\xampp\htdocs\twitevent\cake\libs\model\datasources\dbo\dbo_mysql.php, line 613]
2011-10-30 01:42:50 Warning: Warning (2): mysql_connect() [<a href='http://php.net/function.mysql-connect'>function.mysql-connect</a>]: Access denied for user 'root'@'localhost' (using password: NO) in [C:\xampp\htdocs\twitevent\cake\libs\model\datasources\dbo\dbo_mysql.php, line 561]
2011-10-30 01:42:50 Warning: Warning (2): mysql_query() expects parameter 2 to be resource, boolean given in [C:\xampp\htdocs\twitevent\cake\libs\model\datasources\dbo\dbo_mysql.php, line 613]
2011-10-30 01:42:52 Warning: Warning (2): mysql_connect() [<a href='http://php.net/function.mysql-connect'>function.mysql-connect</a>]: Access denied for user 'root'@'localhost' (using password: NO) in [C:\xampp\htdocs\twitevent\cake\libs\model\datasources\dbo\dbo_mysql.php, line 561]
2011-10-30 01:42:52 Warning: Warning (2): mysql_query() expects parameter 2 to be resource, boolean given in [C:\xampp\htdocs\twitevent\cake\libs\model\datasources\dbo\dbo_mysql.php, line 613]
2011-10-31 20:29:09 Warning: Warning (512): <span style="color:Red;text-align:left"><b>SQL Error:</b> 1366: Incorrect integer value: 'Rate limit exceeded. Clients may not make more than 150 requests per hour.' for column 'id' at row 1</span> in [C:\xampp\htdocs\twitevent\cake\libs\model\datasources\dbo_source.php, line 684]
2011-10-31 20:29:09 Warning: Warning (512): <span style="color:Red;text-align:left"><b>SQL Error:</b> 1366: Incorrect integer value: '/1/friends/ids.json' for column 'id' at row 1</span> in [C:\xampp\htdocs\twitevent\cake\libs\model\datasources\dbo_source.php, line 684]
2011-10-31 20:29:09 Warning: Warning (2): Cannot modify header information - headers already sent by (output started at C:\xampp\htdocs\twitevent\cake\libs\debugger.php:683) in [C:\xampp\htdocs\twitevent\cake\libs\controller\controller.php, line 742]
2011-10-31 20:29:29 Warning: Warning (512): <span style="color:Red;text-align:left"><b>SQL Error:</b> 1366: Incorrect integer value: 'Rate limit exceeded. Clients may not make more than 150 requests per hour.' for column 'id' at row 1</span> in [C:\xampp\htdocs\twitevent\cake\libs\model\datasources\dbo_source.php, line 684]
2011-10-31 20:29:29 Warning: Warning (512): <span style="color:Red;text-align:left"><b>SQL Error:</b> 1366: Incorrect integer value: '/1/friends/ids.json' for column 'id' at row 1</span> in [C:\xampp\htdocs\twitevent\cake\libs\model\datasources\dbo_source.php, line 684]
2011-10-31 20:29:29 Warning: Warning (2): Cannot modify header information - headers already sent by (output started at C:\xampp\htdocs\twitevent\cake\libs\debugger.php:683) in [C:\xampp\htdocs\twitevent\cake\libs\controller\controller.php, line 742]
2011-10-31 20:30:41 Warning: Warning (512): <span style="color:Red;text-align:left"><b>SQL Error:</b> 1366: Incorrect integer value: 'Rate limit exceeded. Clients may not make more than 150 requests per hour.' for column 'id' at row 1</span> in [C:\xampp\htdocs\twitevent\cake\libs\model\datasources\dbo_source.php, line 684]
2011-10-31 20:30:41 Warning: Warning (512): <span style="color:Red;text-align:left"><b>SQL Error:</b> 1366: Incorrect integer value: '/1/friends/ids.json' for column 'id' at row 1</span> in [C:\xampp\htdocs\twitevent\cake\libs\model\datasources\dbo_source.php, line 684]
2011-10-31 20:30:41 Warning: Warning (2): Cannot modify header information - headers already sent by (output started at C:\xampp\htdocs\twitevent\cake\libs\debugger.php:683) in [C:\xampp\htdocs\twitevent\cake\libs\controller\controller.php, line 742]
2011-10-31 20:30:57 Warning: Warning (512): <span style="color:Red;text-align:left"><b>SQL Error:</b> 1366: Incorrect integer value: 'Rate limit exceeded. Clients may not make more than 150 requests per hour.' for column 'id' at row 1</span> in [C:\xampp\htdocs\twitevent\cake\libs\model\datasources\dbo_source.php, line 684]
2011-10-31 20:30:57 Warning: Warning (512): <span style="color:Red;text-align:left"><b>SQL Error:</b> 1366: Incorrect integer value: '/1/friends/ids.json' for column 'id' at row 1</span> in [C:\xampp\htdocs\twitevent\cake\libs\model\datasources\dbo_source.php, line 684]
2011-10-31 20:30:57 Warning: Warning (2): Cannot modify header information - headers already sent by (output started at C:\xampp\htdocs\twitevent\cake\libs\debugger.php:683) in [C:\xampp\htdocs\twitevent\cake\libs\controller\controller.php, line 742]
2011-11-02 03:03:04 Warning: Warning (512): <span style="color:Red;text-align:left"><b>SQL Error:</b> 1366: Incorrect integer value: 'Rate limit exceeded. Clients may not make more than 150 requests per hour.' for column 'id' at row 1</span> in [C:\xampp\htdocs\twitevent\cake\libs\model\datasources\dbo_source.php, line 684]
2011-11-02 03:03:05 Warning: Warning (512): <span style="color:Red;text-align:left"><b>SQL Error:</b> 1366: Incorrect integer value: '/1/friends/ids.json' for column 'id' at row 1</span> in [C:\xampp\htdocs\twitevent\cake\libs\model\datasources\dbo_source.php, line 684]
2011-11-02 03:03:05 Warning: Warning (2): Cannot modify header information - headers already sent by (output started at C:\xampp\htdocs\twitevent\cake\libs\debugger.php:683) in [C:\xampp\htdocs\twitevent\cake\libs\controller\controller.php, line 742]
2011-11-02 03:08:03 Warning: Warning (512): <span style="color:Red;text-align:left"><b>SQL Error:</b> 1366: Incorrect integer value: 'Rate limit exceeded. Clients may not make more than 150 requests per hour.' for column 'id' at row 1</span> in [C:\xampp\htdocs\twitevent\cake\libs\model\datasources\dbo_source.php, line 684]
2011-11-02 03:08:03 Warning: Warning (512): <span style="color:Red;text-align:left"><b>SQL Error:</b> 1366: Incorrect integer value: '/1/friends/ids.json' for column 'id' at row 1</span> in [C:\xampp\htdocs\twitevent\cake\libs\model\datasources\dbo_source.php, line 684]
2011-11-02 03:08:03 Warning: Warning (2): Cannot modify header information - headers already sent by (output started at C:\xampp\htdocs\twitevent\cake\libs\debugger.php:683) in [C:\xampp\htdocs\twitevent\cake\libs\controller\controller.php, line 742]
2011-11-02 14:42:42 Warning: Warning (512): <span style="color:Red;text-align:left"><b>SQL Error:</b> 1054: Unknown column 'Array' in 'field list'</span> in [C:\xampp\htdocs\twitevent\cake\libs\model\datasources\dbo_source.php, line 684]
2011-11-02 14:42:46 Warning: Warning (512): <span style="color:Red;text-align:left"><b>SQL Error:</b> 1054: Unknown column 'Array' in 'field list'</span> in [C:\xampp\htdocs\twitevent\cake\libs\model\datasources\dbo_source.php, line 684]
2011-11-02 14:44:57 Warning: Warning (512): <span style="color:Red;text-align:left"><b>SQL Error:</b> 1054: Unknown column 'Array' in 'field list'</span> in [C:\xampp\htdocs\twitevent\cake\libs\model\datasources\dbo_source.php, line 684]
2011-11-02 14:49:22 Warning: Warning (512): <span style="color:Red;text-align:left"><b>SQL Error:</b> 1366: Incorrect integer value: 'Invalid / expired Token' for column 'id' at row 1</span> in [C:\xampp\htdocs\twitevent\cake\libs\model\datasources\dbo_source.php, line 684]
2011-11-02 14:49:23 Warning: Warning (512): <span style="color:Red;text-align:left"><b>SQL Error:</b> 1366: Incorrect integer value: '/1/friends/ids.json' for column 'id' at row 1</span> in [C:\xampp\htdocs\twitevent\cake\libs\model\datasources\dbo_source.php, line 684]
2011-11-02 14:52:19 Warning: Warning (2): strtolower() expects parameter 1 to be string, array given in [C:\xampp\htdocs\twitevent\app\plugins\twitter\controllers\components\Twitter\twitter.php, line 711]
2011-11-02 14:52:20 Warning: Warning (512): <span style="color:Red;text-align:left"><b>SQL Error:</b> 1054: Unknown column 'Array' in 'field list'</span> in [C:\xampp\htdocs\twitevent\cake\libs\model\datasources\dbo_source.php, line 684]
2011-11-02 14:52:28 Warning: Warning (512): <span style="color:Red;text-align:left"><b>SQL Error:</b> 1366: Incorrect integer value: 'Invalid / expired Token' for column 'id' at row 1</span> in [C:\xampp\htdocs\twitevent\cake\libs\model\datasources\dbo_source.php, line 684]
2011-11-02 14:52:32 Warning: Warning (512): <span style="color:Red;text-align:left"><b>SQL Error:</b> 1366: Incorrect integer value: '/1/friends/ids.json' for column 'id' at row 1</span> in [C:\xampp\htdocs\twitevent\cake\libs\model\datasources\dbo_source.php, line 684]
2011-11-02 14:53:42 Warning: Warning (2): strtolower() expects parameter 1 to be string, array given in [C:\xampp\htdocs\twitevent\app\plugins\twitter\controllers\components\Twitter\twitter.php, line 711]
2011-11-02 14:53:43 Warning: Warning (512): <span style="color:Red;text-align:left"><b>SQL Error:</b> 1054: Unknown column 'Array' in 'field list'</span> in [C:\xampp\htdocs\twitevent\cake\libs\model\datasources\dbo_source.php, line 684]
2011-11-02 14:53:50 Warning: Warning (512): <span style="color:Red;text-align:left"><b>SQL Error:</b> 1366: Incorrect integer value: 'Invalid / expired Token' for column 'id' at row 1</span> in [C:\xampp\htdocs\twitevent\cake\libs\model\datasources\dbo_source.php, line 684]
2011-11-02 14:53:50 Warning: Warning (512): <span style="color:Red;text-align:left"><b>SQL Error:</b> 1366: Incorrect integer value: '/1/friends/ids.json' for column 'id' at row 1</span> in [C:\xampp\htdocs\twitevent\cake\libs\model\datasources\dbo_source.php, line 684]
2011-11-02 14:55:26 Warning: Warning (2): strtolower() expects parameter 1 to be string, array given in [C:\xampp\htdocs\twitevent\app\plugins\twitter\controllers\components\Twitter\twitter.php, line 711]
2011-11-02 14:55:27 Warning: Warning (512): <span style="color:Red;text-align:left"><b>SQL Error:</b> 1054: Unknown column 'Array' in 'field list'</span> in [C:\xampp\htdocs\twitevent\cake\libs\model\datasources\dbo_source.php, line 684]
2011-11-02 14:55:37 Warning: Warning (512): <span style="color:Red;text-align:left"><b>SQL Error:</b> 1366: Incorrect integer value: 'Invalid / expired Token' for column 'id' at row 1</span> in [C:\xampp\htdocs\twitevent\cake\libs\model\datasources\dbo_source.php, line 684]
2011-11-02 14:55:38 Warning: Warning (512): <span style="color:Red;text-align:left"><b>SQL Error:</b> 1366: Incorrect integer value: '/1/friends/ids.json' for column 'id' at row 1</span> in [C:\xampp\htdocs\twitevent\cake\libs\model\datasources\dbo_source.php, line 684]
2011-11-02 14:56:12 Warning: Warning (2): strtolower() expects parameter 1 to be string, array given in [C:\xampp\htdocs\twitevent\app\plugins\twitter\controllers\components\Twitter\twitter.php, line 711]
2011-11-02 14:56:17 Warning: Warning (512): <span style="color:Red;text-align:left"><b>SQL Error:</b> 1054: Unknown column 'Array' in 'field list'</span> in [C:\xampp\htdocs\twitevent\cake\libs\model\datasources\dbo_source.php, line 684]
2011-11-02 14:56:24 Warning: Warning (512): <span style="color:Red;text-align:left"><b>SQL Error:</b> 1366: Incorrect integer value: 'Invalid / expired Token' for column 'id' at row 1</span> in [C:\xampp\htdocs\twitevent\cake\libs\model\datasources\dbo_source.php, line 684]
2011-11-02 14:56:26 Warning: Warning (512): <span style="color:Red;text-align:left"><b>SQL Error:</b> 1366: Incorrect integer value: '/1/friends/ids.json' for column 'id' at row 1</span> in [C:\xampp\htdocs\twitevent\cake\libs\model\datasources\dbo_source.php, line 684]
2011-11-02 15:07:40 Warning: Warning (2): strtolower() expects parameter 1 to be string, array given in [C:\xampp\htdocs\twitevent\app\plugins\twitter\controllers\components\Twitter\twitter.php, line 711]
2011-11-05 18:46:36 Warning: Warning (512): <span style="color:Red;text-align:left"><b>SQL Error:</b> 1366: Incorrect integer value: 'This method requires authentication.' for column 'id' at row 1</span> in [C:\xampp\htdocs\twitevent\cake\libs\model\datasources\dbo_source.php, line 684]
2011-11-05 18:46:37 Warning: Warning (512): <span style="color:Red;text-align:left"><b>SQL Error:</b> 1366: Incorrect integer value: '/1/friends/ids.json' for column 'id' at row 1</span> in [C:\xampp\htdocs\twitevent\cake\libs\model\datasources\dbo_source.php, line 684]
2011-11-05 18:47:11 Warning: Warning (2): strtolower() expects parameter 1 to be string, array given in [C:\xampp\htdocs\twitevent\app\plugins\twitter\controllers\components\Twitter\twitter.php, line 711]
2011-11-05 18:47:16 Warning: Warning (512): <span style="color:Red;text-align:left"><b>SQL Error:</b> 1054: Unknown column 'Array' in 'field list'</span> in [C:\xampp\htdocs\twitevent\cake\libs\model\datasources\dbo_source.php, line 684]
2011-11-05 18:50:41 Warning: Warning (512): <span style="color:Red;text-align:left"><b>SQL Error:</b> 1054: Unknown column 'Array' in 'field list'</span> in [C:\xampp\htdocs\twitevent\cake\libs\model\datasources\dbo_source.php, line 684]
2011-11-05 18:51:24 Warning: Warning (512): <span style="color:Red;text-align:left"><b>SQL Error:</b> 1054: Unknown column 'Array' in 'field list'</span> in [C:\xampp\htdocs\twitevent\cake\libs\model\datasources\dbo_source.php, line 684]
2011-11-05 18:52:40 Warning: Warning (512): <span style="color:Red;text-align:left"><b>SQL Error:</b> 1054: Unknown column 'Array' in 'field list'</span> in [C:\xampp\htdocs\twitevent\cake\libs\model\datasources\dbo_source.php, line 684]
2011-11-05 18:52:45 Warning: Warning (512): <span style="color:Red;text-align:left"><b>SQL Error:</b> 1054: Unknown column 'Array' in 'field list'</span> in [C:\xampp\htdocs\twitevent\cake\libs\model\datasources\dbo_source.php, line 684]
2011-11-05 19:05:36 Warning: Warning (2): Cannot modify header information - headers already sent by (output started at C:\xampp\htdocs\twitevent\cake\libs\debugger.php:683) in [C:\xampp\htdocs\twitevent\cake\libs\controller\controller.php, line 742]
2011-11-05 19:06:05 Warning: Warning (2): Invalid argument supplied for foreach() in [C:\xampp\htdocs\twitevent\app\controllers\usuarios_controller.php, line 183]
2011-11-05 19:36:14 Warning: Warning (2): Cannot modify header information - headers already sent by (output started at C:\xampp\htdocs\twitevent\cake\basics.php:139) in [C:\xampp\htdocs\twitevent\cake\libs\controller\controller.php, line 742]
2011-11-05 20:34:01 Warning: Warning (2): Cannot modify header information - headers already sent by (output started at C:\xampp\htdocs\twitevent\cake\basics.php:139) in [C:\xampp\htdocs\twitevent\cake\libs\controller\controller.php, line 742]
2011-11-05 20:34:36 Warning: Warning (2): Cannot modify header information - headers already sent by (output started at C:\xampp\htdocs\twitevent\cake\libs\debugger.php:683) in [C:\xampp\htdocs\twitevent\cake\libs\controller\controller.php, line 742]
2011-11-05 20:34:57 Warning: Warning (2): Cannot modify header information - headers already sent by (output started at C:\xampp\htdocs\twitevent\cake\basics.php:139) in [C:\xampp\htdocs\twitevent\cake\libs\controller\controller.php, line 742]
2011-11-05 20:36:08 Warning: Warning (2): Cannot modify header information - headers already sent by (output started at C:\xampp\htdocs\twitevent\cake\basics.php:139) in [C:\xampp\htdocs\twitevent\cake\libs\controller\controller.php, line 742]
2011-11-05 20:37:57 Warning: Warning (2): Cannot modify header information - headers already sent by (output started at C:\xampp\htdocs\twitevent\cake\libs\debugger.php:683) in [C:\xampp\htdocs\twitevent\cake\libs\controller\controller.php, line 742]
2011-11-05 20:38:26 Warning: Warning (2): Cannot modify header information - headers already sent by (output started at C:\xampp\htdocs\twitevent\cake\libs\debugger.php:683) in [C:\xampp\htdocs\twitevent\cake\libs\controller\controller.php, line 742]
2011-11-05 20:38:39 Warning: Warning (2): Cannot modify header information - headers already sent by (output started at C:\xampp\htdocs\twitevent\cake\libs\debugger.php:683) in [C:\xampp\htdocs\twitevent\cake\libs\controller\controller.php, line 742]
2011-11-05 21:08:31 Warning: Warning (512): <span style="color:Red;text-align:left"><b>SQL Error:</b> 1364: Field 'id' doesn't have a default value</span> in [C:\xampp\htdocs\twitevent\cake\libs\model\datasources\dbo_source.php, line 684]
2011-11-05 21:17:16 Warning: Warning (2): Invalid argument supplied for foreach() in [C:\xampp\htdocs\twitevent\app\controllers\usuarios_controller.php, line 35]
2011-11-05 21:17:30 Warning: Warning (2): Cannot modify header information - headers already sent by (output started at C:\xampp\htdocs\twitevent\cake\basics.php:139) in [C:\xampp\htdocs\twitevent\cake\libs\controller\controller.php, line 742]
2011-11-05 21:17:45 Warning: Warning (2): Invalid argument supplied for foreach() in [C:\xampp\htdocs\twitevent\app\controllers\usuarios_controller.php, line 35]
2011-11-05 21:18:40 Warning: Warning (2): Invalid argument supplied for foreach() in [C:\xampp\htdocs\twitevent\app\views\usuarios\view.ctp, line 58]
2011-11-05 21:18:50 Warning: Warning (2): Invalid argument supplied for foreach() in [C:\xampp\htdocs\twitevent\app\views\usuarios\view.ctp, line 58]
2011-11-05 21:27:22 Warning: Warning (2): Invalid argument supplied for foreach() in [C:\xampp\htdocs\twitevent\app\controllers\usuarios_controller.php, line 50]
2011-11-05 21:27:55 Warning: Warning (2): Invalid argument supplied for foreach() in [C:\xampp\htdocs\twitevent\app\controllers\usuarios_controller.php, line 51]
2011-11-05 21:28:44 Warning: Warning (2): Invalid argument supplied for foreach() in [C:\xampp\htdocs\twitevent\app\controllers\usuarios_controller.php, line 52]
2011-11-05 21:29:58 Warning: Warning (2): Invalid argument supplied for foreach() in [C:\xampp\htdocs\twitevent\app\controllers\usuarios_controller.php, line 51]
2011-11-05 21:30:44 Warning: Warning (2): Invalid argument supplied for foreach() in [C:\xampp\htdocs\twitevent\app\controllers\usuarios_controller.php, line 51]
2011-11-05 22:06:00 Warning: Warning (512): <span style="color:Red;text-align:left"><b>SQL Error:</b> 1364: Field 'usuario_id' doesn't have a default value</span> in [C:\xampp\htdocs\twitevent\cake\libs\model\datasources\dbo_source.php, line 684]
2011-11-05 22:31:51 Warning: Warning (2): Cannot modify header information - headers already sent by (output started at C:\xampp\htdocs\twitevent\cake\basics.php:139) in [C:\xampp\htdocs\twitevent\cake\libs\controller\controller.php, line 742]
2011-11-05 22:32:22 Warning: Warning (2): Cannot modify header information - headers already sent by (output started at C:\xampp\htdocs\twitevent\cake\basics.php:139) in [C:\xampp\htdocs\twitevent\cake\libs\controller\controller.php, line 742]
2011-11-06 19:00:20 Warning: Warning (2): Cannot modify header information - headers already sent by (output started at C:\xampp\htdocs\twitevent\cake\basics.php:139) in [C:\xampp\htdocs\twitevent\cake\libs\controller\controller.php, line 742]
2011-11-06 19:07:32 Warning: Warning (2): Cannot modify header information - headers already sent by (output started at C:\xampp\htdocs\twitevent\cake\libs\debugger.php:683) in [C:\xampp\htdocs\twitevent\cake\libs\controller\controller.php, line 742]
2011-11-06 19:08:08 Warning: Warning (2): Cannot modify header information - headers already sent by (output started at C:\xampp\htdocs\twitevent\cake\libs\debugger.php:683) in [C:\xampp\htdocs\twitevent\cake\libs\controller\controller.php, line 742]
2011-11-06 19:08:29 Warning: Warning (2): Cannot modify header information - headers already sent by (output started at C:\xampp\htdocs\twitevent\cake\libs\debugger.php:683) in [C:\xampp\htdocs\twitevent\cake\libs\controller\controller.php, line 742]
2011-11-06 19:09:05 Warning: Warning (2): Cannot modify header information - headers already sent by (output started at C:\xampp\htdocs\twitevent\cake\libs\debugger.php:683) in [C:\xampp\htdocs\twitevent\cake\libs\controller\controller.php, line 742]
2011-11-06 19:09:26 Warning: Warning (2): Cannot modify header information - headers already sent by (output started at C:\xampp\htdocs\twitevent\cake\basics.php:139) in [C:\xampp\htdocs\twitevent\cake\libs\controller\controller.php, line 742]
2011-11-06 19:14:28 Warning: Warning (2): Invalid argument supplied for foreach() in [C:\xampp\htdocs\twitevent\app\controllers\usuarios_controller.php, line 36]
2011-11-06 19:14:28 Warning: Warning (2): Invalid argument supplied for foreach() in [C:\xampp\htdocs\twitevent\app\controllers\usuarios_controller.php, line 51]
2011-11-06 19:14:29 Warning: Warning (2): Invalid argument supplied for foreach() in [C:\xampp\htdocs\twitevent\app\controllers\usuarios_controller.php, line 36]
2011-11-06 19:14:29 Warning: Warning (2): Invalid argument supplied for foreach() in [C:\xampp\htdocs\twitevent\app\controllers\usuarios_controller.php, line 51]
2011-11-06 19:15:30 Warning: Warning (2): Invalid argument supplied for foreach() in [C:\xampp\htdocs\twitevent\app\controllers\usuarios_controller.php, line 36]
2011-11-06 19:15:30 Warning: Warning (2): Invalid argument supplied for foreach() in [C:\xampp\htdocs\twitevent\app\controllers\usuarios_controller.php, line 51]
2011-11-06 19:15:31 Warning: Warning (2): Invalid argument supplied for foreach() in [C:\xampp\htdocs\twitevent\app\controllers\usuarios_controller.php, line 36]
2011-11-06 19:15:31 Warning: Warning (2): Invalid argument supplied for foreach() in [C:\xampp\htdocs\twitevent\app\controllers\usuarios_controller.php, line 51]
2011-11-06 19:23:59 Warning: Warning (2): Cannot modify header information - headers already sent by (output started at C:\xampp\htdocs\twitevent\cake\libs\debugger.php:683) in [C:\xampp\htdocs\twitevent\cake\libs\controller\controller.php, line 742]
2011-11-06 19:39:45 Warning: Warning (2): Cannot modify header information - headers already sent by (output started at C:\xampp\htdocs\twitevent\cake\basics.php:139) in [C:\xampp\htdocs\twitevent\cake\libs\controller\controller.php, line 742]
2011-11-06 20:06:43 Warning: Warning (512): <span style="color:Red;text-align:left"><b>SQL Error:</b> 1364: Field 'usuario_id' doesn't have a default value</span> in [C:\xampp\htdocs\twitevent\cake\libs\model\datasources\dbo_source.php, line 684]
2011-11-06 20:08:52 Warning: Warning (512): <span style="color:Red;text-align:left"><b>SQL Error:</b> 1364: Field 'usuario_id' doesn't have a default value</span> in [C:\xampp\htdocs\twitevent\cake\libs\model\datasources\dbo_source.php, line 684]
2011-11-06 20:10:02 Warning: Warning (512): <span style="color:Red;text-align:left"><b>SQL Error:</b> 1364: Field 'id' doesn't have a default value</span> in [C:\xampp\htdocs\twitevent\cake\libs\model\datasources\dbo_source.php, line 684]
2011-11-06 20:26:25 Warning: Warning (2): Cannot modify header information - headers already sent by (output started at C:\xampp\htdocs\twitevent\cake\basics.php:139) in [C:\xampp\htdocs\twitevent\cake\libs\controller\controller.php, line 742]
2011-11-06 21:44:51 Warning: Warning (2): Cannot modify header information - headers already sent by (output started at C:\xampp\htdocs\twitevent\cake\basics.php:139) in [C:\xampp\htdocs\twitevent\cake\libs\controller\controller.php, line 742]
2011-11-06 21:45:00 Warning: Warning (2): Cannot modify header information - headers already sent by (output started at C:\xampp\htdocs\twitevent\cake\basics.php:139) in [C:\xampp\htdocs\twitevent\cake\libs\controller\controller.php, line 742]
2011-11-06 21:45:18 Warning: Warning (2): Cannot modify header information - headers already sent by (output started at C:\xampp\htdocs\twitevent\cake\basics.php:139) in [C:\xampp\htdocs\twitevent\cake\libs\controller\controller.php, line 742]
2011-11-06 21:45:27 Warning: Warning (2): Cannot modify header information - headers already sent by (output started at C:\xampp\htdocs\twitevent\cake\basics.php:139) in [C:\xampp\htdocs\twitevent\cake\libs\controller\controller.php, line 742]
2011-11-06 21:49:57 Warning: Warning (2): Cannot modify header information - headers already sent by (output started at C:\xampp\htdocs\twitevent\cake\basics.php:139) in [C:\xampp\htdocs\twitevent\cake\libs\controller\controller.php, line 742]
2011-11-06 21:55:08 Warning: Warning (2): Cannot modify header information - headers already sent by (output started at C:\xampp\htdocs\twitevent\cake\basics.php:139) in [C:\xampp\htdocs\twitevent\cake\libs\controller\controller.php, line 742]
2011-11-06 21:55:23 Warning: Warning (2): Cannot modify header information - headers already sent by (output started at C:\xampp\htdocs\twitevent\cake\basics.php:139) in [C:\xampp\htdocs\twitevent\cake\libs\controller\controller.php, line 742]
2011-11-06 21:55:41 Warning: Warning (2): Cannot modify header information - headers already sent by (output started at C:\xampp\htdocs\twitevent\cake\basics.php:139) in [C:\xampp\htdocs\twitevent\cake\libs\controller\controller.php, line 742]
2011-11-06 21:58:01 Warning: Warning (2): Cannot modify header information - headers already sent by (output started at C:\xampp\htdocs\twitevent\cake\basics.php:139) in [C:\xampp\htdocs\twitevent\cake\libs\controller\controller.php, line 742]
2011-11-06 22:03:00 Warning: Warning (2): Cannot modify header information - headers already sent by (output started at C:\xampp\htdocs\twitevent\cake\basics.php:139) in [C:\xampp\htdocs\twitevent\cake\libs\controller\controller.php, line 742]
2011-11-06 22:12:22 Warning: Warning (2): Cannot modify header information - headers already sent by (output started at C:\xampp\htdocs\twitevent\cake\basics.php:139) in [C:\xampp\htdocs\twitevent\cake\libs\controller\controller.php, line 742]
2011-11-06 22:12:27 Warning: Warning (2): Cannot modify header information - headers already sent by (output started at C:\xampp\htdocs\twitevent\cake\basics.php:139) in [C:\xampp\htdocs\twitevent\cake\libs\controller\controller.php, line 742]
2011-11-06 22:42:03 Warning: Warning (2): strtotime() expects parameter 1 to be string, array given in [C:\xampp\htdocs\twitevent\app\controllers\eventos_controller.php, line 32]
2011-11-07 03:14:21 Warning: Warning (2): Missing argument 2 for Validation::maxLength(), called in C:\xampp\htdocs\twitevent\cake\libs\object.php on line 112 and defined in [C:\xampp\htdocs\twitevent\cake\libs\validation.php, line 629]
